"../../../Engine/Content/EngineMaterials/T_Default_Material_Grid_N.uasset" 0
"../../../Engine/Content/EngineMaterials/T_Default_Material_Grid_N.uexp" 1
"../../../Engine/Content/EngineMaterials/T_Default_Material_Grid_N.ubulk" 2
"../../../Engine/Content/EngineMaterials/T_Default_Material_Grid_M.uasset" 3
"../../../Engine/Content/EngineMaterials/T_Default_Material_Grid_M.uexp" 4
"../../../Engine/Content/EngineMaterials/T_Default_Material_Grid_M.ubulk" 5
"../../../Engine/Content/Functions/Engine_MaterialFunctions01/Opacity/CameraDepthFade.uasset" 6
"../../../Engine/Content/Functions/Engine_MaterialFunctions01/Opacity/CameraDepthFade.uexp" 7
"../../../Engine/Content/EngineMaterials/WorldGridMaterial.uasset" 8
"../../../Engine/Content/EngineMaterials/WorldGridMaterial.uexp" 9
"../../../Engine/Content/ArtTools/RenderToTexture/Meshes/S_1_Unit_Plane.uasset" 10
"../../../Engine/Content/ArtTools/RenderToTexture/Meshes/S_1_Unit_Plane.uexp" 11
"../../../Engine/Content/EngineMaterials/DefaultMaterial.uasset" 12
"../../../Engine/Content/EngineMaterials/DefaultMaterial.uexp" 13
"../../../Engine/Content/BasicShapes/Cone.uasset" 14
"../../../Engine/Content/BasicShapes/Cone.uexp" 15
"../../../Engine/Content/BasicShapes/Plane.uasset" 16
"../../../Engine/Content/BasicShapes/Plane.uexp" 17
"../../../Engine/Content/BasicShapes/Sphere.uasset" 18
"../../../Engine/Content/BasicShapes/Sphere.uexp" 19
"../../../Engine/Content/EditorLandscapeResources/DataLayer.uasset" 20
"../../../Engine/Content/EditorLandscapeResources/DataLayer.uexp" 21
"../../../Engine/Content/EditorLandscapeResources/DefaultAlphaTexture.uasset" 22
"../../../Engine/Content/EditorLandscapeResources/DefaultAlphaTexture.uexp" 23
"../../../Engine/Content/EditorMaterials/MAT_Groups_Toggle.uasset" 24
"../../../Engine/Content/EditorMaterials/MAT_Groups_Toggle.uexp" 25
"../../../Engine/Content/EditorMaterials/MAT_Groups_Visibility.uasset" 26
"../../../Engine/Content/EditorMaterials/MAT_Groups_Visibility.uexp" 27
"../../../Engine/Content/EditorMaterials/PreviewShadowIndicator.uasset" 28
"../../../Engine/Content/EditorMaterials/PreviewShadowIndicator.uexp" 29
"../../../Engine/Content/EditorMaterials/PreviewShadowIndicator.ubulk" 30
"../../../Engine/Content/EditorMaterials/PreviewShadowIndicatorMaterial.uasset" 31
"../../../Engine/Content/EditorMaterials/PreviewShadowIndicatorMaterial.uexp" 32
"../../../Engine/Content/EditorMaterials/MatineeGroups/MAT_ColorTrack.uasset" 33
"../../../Engine/Content/EditorMaterials/MatineeGroups/MAT_ColorTrack.uexp" 34
"../../../Engine/Content/EditorMaterials/MatineeGroups/MAT_Groups_Anim.uasset" 35
"../../../Engine/Content/EditorMaterials/MatineeGroups/MAT_Groups_Anim.uexp" 36
"../../../Engine/Content/EditorMaterials/MatineeGroups/MAT_Groups_AudioMaster.uasset" 37
"../../../Engine/Content/EditorMaterials/MatineeGroups/MAT_Groups_AudioMaster.uexp" 38
"../../../Engine/Content/EditorMaterials/MatineeGroups/MAT_Groups_Director.uasset" 39
"../../../Engine/Content/EditorMaterials/MatineeGroups/MAT_Groups_Director.uexp" 40
"../../../Engine/Content/EditorMaterials/MatineeGroups/MAT_Groups_Event.uasset" 41
"../../../Engine/Content/EditorMaterials/MatineeGroups/MAT_Groups_Event.uexp" 42
"../../../Engine/Content/EditorMaterials/MatineeGroups/MAT_Groups_Fade.uasset" 43
"../../../Engine/Content/EditorMaterials/MatineeGroups/MAT_Groups_Fade.uexp" 44
"../../../Engine/Content/EditorMaterials/MatineeGroups/MAT_Groups_Float.uasset" 45
"../../../Engine/Content/EditorMaterials/MatineeGroups/MAT_Groups_Float.uexp" 46
"../../../Engine/Content/EditorMaterials/MatineeGroups/MAT_Groups_Move.uasset" 47
"../../../Engine/Content/EditorMaterials/MatineeGroups/MAT_Groups_Move.uexp" 48
"../../../Engine/Content/EditorMaterials/MatineeGroups/MAT_Groups_Slomo.uasset" 49
"../../../Engine/Content/EditorMaterials/MatineeGroups/MAT_Groups_Slomo.uexp" 50
"../../../Engine/Content/EditorMaterials/MatineeGroups/MAT_Groups_Sound.uasset" 51
"../../../Engine/Content/EditorMaterials/MatineeGroups/MAT_Groups_Sound.uexp" 52
"../../../Engine/Content/EditorMaterials/MatineeGroups/MAT_Groups_Vector.uasset" 53
"../../../Engine/Content/EditorMaterials/MatineeGroups/MAT_Groups_Vector.uexp" 54
"../../../Engine/Content/EditorMaterials/ParticleSystems/PSysThumbnail_NoImage.uasset" 55
"../../../Engine/Content/EditorMaterials/ParticleSystems/PSysThumbnail_NoImage.uexp" 56
"../../../Engine/Content/EditorMaterials/ParticleSystems/PSysThumbnail_NoImage.ubulk" 57
"../../../Engine/Content/EditorMaterials/ParticleSystems/PSysThumbnail_OOD.uasset" 58
"../../../Engine/Content/EditorMaterials/ParticleSystems/PSysThumbnail_OOD.uexp" 59
"../../../Engine/Content/EditorMaterials/ParticleSystems/PSysThumbnail_OOD.ubulk" 60
"../../../Engine/Content/EditorMaterials/Camera/CineMat.uasset" 61
"../../../Engine/Content/EditorMaterials/Camera/CineMat.uexp" 62
"../../../Engine/Content/EditorMaterials/Camera/MI_CineMat_Rig.uasset" 63
"../../../Engine/Content/EditorMaterials/Camera/MI_CineMat_Rig.uexp" 64
"../../../Engine/Content/EditorMeshes/Camera/SM_CraneRig_Arm.uasset" 65
"../../../Engine/Content/EditorMeshes/Camera/SM_CraneRig_Arm.uexp" 66
"../../../Engine/Content/EditorMeshes/Camera/SM_CraneRig_Base.uasset" 67
"../../../Engine/Content/EditorMeshes/Camera/SM_CraneRig_Base.uexp" 68
"../../../Engine/Content/EditorMeshes/Camera/SM_CraneRig_Body.uasset" 69
"../../../Engine/Content/EditorMeshes/Camera/SM_CraneRig_Body.uexp" 70
"../../../Engine/Content/EditorMeshes/Camera/SM_CraneRig_Mount.uasset" 71
"../../../Engine/Content/EditorMeshes/Camera/SM_CraneRig_Mount.uexp" 72
"../../../Engine/Content/EditorMeshes/Camera/SM_RailRig_Mount.uasset" 73
"../../../Engine/Content/EditorMeshes/Camera/SM_RailRig_Mount.uexp" 74
"../../../Engine/Content/EditorMeshes/Camera/SM_RailRig_Track.uasset" 75
"../../../Engine/Content/EditorMeshes/Camera/SM_RailRig_Track.uexp" 76
"../../../Engine/Content/EditorResources/BSPVertex.uasset" 77
"../../../Engine/Content/EditorResources/BSPVertex.uexp" 78
"../../../Engine/Content/EditorResources/EmptyActor.uasset" 79
"../../../Engine/Content/EditorResources/EmptyActor.uexp" 80
"../../../Engine/Content/EditorResources/S_Actor.uasset" 81
"../../../Engine/Content/EditorResources/S_Actor.uexp" 82
"../../../Engine/Content/EditorResources/S_Actor.ubulk" 83
"../../../Engine/Content/EditorResources/S_Note.uasset" 84
"../../../Engine/Content/EditorResources/S_Note.uexp" 85
"../../../Engine/Content/EditorResources/S_Note.ubulk" 86
"../../../Engine/Content/EditorResources/S_Solver.uasset" 87
"../../../Engine/Content/EditorResources/S_Solver.uexp" 88
"../../../Engine/Content/EditorResources/S_Solver.ubulk" 89
"../../../Engine/Content/EditorResources/S_Terrain.uasset" 90
"../../../Engine/Content/EditorResources/S_Terrain.uexp" 91
"../../../Engine/Content/EditorResources/S_Terrain.ubulk" 92
"../../../Engine/Content/EditorResources/S_Trigger.uasset" 93
"../../../Engine/Content/EditorResources/S_Trigger.uexp" 94
"../../../Engine/Content/EditorResources/S_Trigger.ubulk" 95
"../../../Engine/Content/EditorResources/AudioIcons/S_AudioComponent_AutoActivate.uasset" 96
"../../../Engine/Content/EditorResources/AudioIcons/S_AudioComponent_AutoActivate.uexp" 97
"../../../Engine/Content/EditorResources/AudioIcons/S_AudioComponent_AutoActivate.ubulk" 98
"../../../Engine/Content/EditorResources/LightIcons/S_LightError.uasset" 99
"../../../Engine/Content/EditorResources/LightIcons/S_LightError.uexp" 100
"../../../Engine/Content/EditorResources/SequenceRecorder/Countdown.uasset" 101
"../../../Engine/Content/EditorResources/SequenceRecorder/Countdown.uexp" 102
"../../../Engine/Content/EditorResources/SequenceRecorder/RecordingIndicator.uasset" 103
"../../../Engine/Content/EditorResources/SequenceRecorder/RecordingIndicator.uexp" 104
"../../../Engine/Content/EngineDamageTypes/DmgTypeBP_Environmental.uasset" 105
"../../../Engine/Content/EngineDamageTypes/DmgTypeBP_Environmental.uexp" 106
"../../../Engine/Content/EngineDebugMaterials/DebugEditorMaterial.uasset" 107
"../../../Engine/Content/EngineDebugMaterials/DebugEditorMaterial.uexp" 108
"../../../Engine/Content/EngineDebugMaterials/DebugMeshMaterial.uasset" 109
"../../../Engine/Content/EngineDebugMaterials/DebugMeshMaterial.uexp" 110
"../../../Engine/Content/EngineDebugMaterials/M_SimpleUnlitTranslucent.uasset" 111
"../../../Engine/Content/EngineDebugMaterials/M_SimpleUnlitTranslucent.uexp" 112
"../../../Engine/Content/EngineDebugMaterials/VolumeToRender.uasset" 113
"../../../Engine/Content/EngineDebugMaterials/VolumeToRender.uexp" 114
"../../../Engine/Content/Functions/Engine_MaterialFunctions02/Utility/CameraDirectionVector.uasset" 115
"../../../Engine/Content/Functions/Engine_MaterialFunctions02/Utility/CameraDirectionVector.uexp" 116
"../../../Engine/Content/EngineDebugMaterials/M_VolumeRenderSphereTracePP.uasset" 117
"../../../Engine/Content/EngineDebugMaterials/M_VolumeRenderSphereTracePP.uexp" 118
"../../../Engine/Content/Functions/Engine_MaterialFunctions01/Shading/ConvertFromDiffSpec.uasset" 119
"../../../Engine/Content/Functions/Engine_MaterialFunctions01/Shading/ConvertFromDiffSpec.uexp" 120
"../../../Engine/Content/EngineDebugMaterials/VertexColorMaterial.uasset" 121
"../../../Engine/Content/EngineDebugMaterials/VertexColorMaterial.uexp" 122
"../../../Engine/Content/EngineDebugMaterials/WireframeMaterial.uasset" 123
"../../../Engine/Content/EngineDebugMaterials/WireframeMaterial.uexp" 124
"../../../Engine/Content/EngineFonts/Faces/RobotoRegular.uasset" 125
"../../../Engine/Content/EngineFonts/Faces/RobotoRegular.uexp" 126
"../../../Engine/Content/EngineFonts/Faces/RobotoRegular.ufont" 127
"../../../Engine/Content/EngineFonts/Faces/RobotoLight.uasset" 128
"../../../Engine/Content/EngineFonts/Faces/RobotoLight.uexp" 129
"../../../Engine/Content/EngineFonts/Faces/RobotoLight.ufont" 130
"../../../Engine/Content/EngineFonts/Faces/RobotoItalic.uasset" 131
"../../../Engine/Content/EngineFonts/Faces/RobotoItalic.uexp" 132
"../../../Engine/Content/EngineFonts/Faces/RobotoItalic.ufont" 133
"../../../Engine/Content/EngineFonts/Faces/RobotoBoldItalic.uasset" 134
"../../../Engine/Content/EngineFonts/Faces/RobotoBoldItalic.uexp" 135
"../../../Engine/Content/EngineFonts/Faces/RobotoBoldItalic.ufont" 136
"../../../Engine/Content/EngineFonts/Faces/RobotoBold.uasset" 137
"../../../Engine/Content/EngineFonts/Faces/RobotoBold.uexp" 138
"../../../Engine/Content/EngineFonts/Faces/RobotoBold.ufont" 139
"../../../Engine/Content/EngineFonts/Faces/DroidSansFallback.uasset" 140
"../../../Engine/Content/EngineFonts/Faces/DroidSansFallback.uexp" 141
"../../../Engine/Content/EngineFonts/Faces/DroidSansFallback.ufont" 142
"../../../Engine/Content/EngineFonts/Roboto.uasset" 143
"../../../Engine/Content/EngineFonts/Roboto.uexp" 144
"../../../Engine/Content/EngineMaterials/BaseFlattenNormalMap.uasset" 145
"../../../Engine/Content/EngineMaterials/BaseFlattenNormalMap.uexp" 146
"../../../Engine/Content/EngineMaterials/BaseFlattenGrayscaleMap.uasset" 147
"../../../Engine/Content/EngineMaterials/BaseFlattenGrayscaleMap.uexp" 148
"../../../Engine/Content/EngineMaterials/BaseFlattenEmissiveMap.uasset" 149
"../../../Engine/Content/EngineMaterials/BaseFlattenEmissiveMap.uexp" 150
"../../../Engine/Content/EngineMaterials/BaseFlattenDiffuseMap.uasset" 151
"../../../Engine/Content/EngineMaterials/BaseFlattenDiffuseMap.uexp" 152
"../../../Engine/Content/EngineMaterials/BaseFlattenMaterial.uasset" 153
"../../../Engine/Content/EngineMaterials/BaseFlattenMaterial.uexp" 154
"../../../Engine/Content/EngineMaterials/BlueNoise.uasset" 155
"../../../Engine/Content/EngineMaterials/BlueNoise.uexp" 156
"../../../Engine/Content/EngineMaterials/DefaultBloomKernel.uasset" 157
"../../../Engine/Content/EngineMaterials/DefaultBloomKernel.uexp" 158
"../../../Engine/Content/EngineMaterials/DefaultBokeh.uasset" 159
"../../../Engine/Content/EngineMaterials/DefaultBokeh.uexp" 160
"../../../Engine/Content/EngineMaterials/DefaultDiffuse.uasset" 161
"../../../Engine/Content/EngineMaterials/DefaultDiffuse.uexp" 162
"../../../Engine/Content/EngineMaterials/DefaultDiffuse.ubulk" 163
"../../../Engine/Content/EngineMaterials/DefaultDeferredDecalMaterial.uasset" 164
"../../../Engine/Content/EngineMaterials/DefaultDeferredDecalMaterial.uexp" 165
"../../../Engine/Content/EngineMaterials/DefaultLightFunctionMaterial.uasset" 166
"../../../Engine/Content/EngineMaterials/DefaultLightFunctionMaterial.uexp" 167
"../../../Engine/Content/EngineMaterials/DefaultPhysicalMaterial.uasset" 168
"../../../Engine/Content/EngineMaterials/DefaultPhysicalMaterial.uexp" 169
"../../../Engine/Content/Functions/Engine_MaterialFunctions02/Utility/BreakOutFloat2Components.uasset" 170
"../../../Engine/Content/Functions/Engine_MaterialFunctions02/Utility/BreakOutFloat2Components.uexp" 171
"../../../Engine/Content/EngineMaterials/DefaultPostProcessMaterial.uasset" 172
"../../../Engine/Content/EngineMaterials/DefaultPostProcessMaterial.uexp" 173
"../../../Engine/Content/EngineFonts/RobotoDistanceField.uasset" 174
"../../../Engine/Content/EngineFonts/RobotoDistanceField.uexp" 175
"../../../Engine/Content/EngineMaterials/DefaultTextMaterialOpaque.uasset" 176
"../../../Engine/Content/EngineMaterials/DefaultTextMaterialOpaque.uexp" 177
"../../../Engine/Content/EngineMaterials/DefaultWhiteGrid.uasset" 178
"../../../Engine/Content/EngineMaterials/DefaultWhiteGrid.uexp" 179
"../../../Engine/Content/EngineMaterials/DefaultWhiteGrid.ubulk" 180
"../../../Engine/Content/EngineMaterials/DefaultWhiteGrid_Low.uasset" 181
"../../../Engine/Content/EngineMaterials/DefaultWhiteGrid_Low.uexp" 182
"../../../Engine/Content/EngineMaterials/EmissiveMeshMaterial.uasset" 183
"../../../Engine/Content/EngineMaterials/EmissiveMeshMaterial.uexp" 184
"../../../Engine/Content/EngineMaterials/GizmoMaterial.uasset" 185
"../../../Engine/Content/EngineMaterials/GizmoMaterial.uexp" 186
"../../../Engine/Content/EngineMaterials/Good64x64TilingNoiseHighFreq.uasset" 187
"../../../Engine/Content/EngineMaterials/Good64x64TilingNoiseHighFreq.uexp" 188
"../../../Engine/Content/EngineMaterials/MiniFont.uasset" 189
"../../../Engine/Content/EngineMaterials/MiniFont.uexp" 190
"../../../Engine/Content/EngineMaterials/InvalidLightmapSettings.uasset" 191
"../../../Engine/Content/EngineMaterials/InvalidLightmapSettings.uexp" 192
"../../../Engine/Content/EngineMaterials/InvalidLightmapSettings.ubulk" 193
"../../../Engine/Content/EngineMaterials/M_InvalidLightmapSettings.uasset" 194
"../../../Engine/Content/EngineMaterials/M_InvalidLightmapSettings.uexp" 195
"../../../Engine/Content/Functions/Engine_MaterialFunctions02/WorldPositionOffset/CameraOffset.uasset" 196
"../../../Engine/Content/Functions/Engine_MaterialFunctions02/WorldPositionOffset/CameraOffset.uexp" 197
"../../../Engine/Content/EngineMaterials/PhAT_JointLimitMaterial.uasset" 198
"../../../Engine/Content/EngineMaterials/PhAT_JointLimitMaterial.uexp" 199
"../../../Engine/Content/EngineMaterials/DefaultCalibrationColor.uasset" 200
"../../../Engine/Content/EngineMaterials/DefaultCalibrationColor.uexp" 201
"../../../Engine/Content/EngineMaterials/PPM_DefaultCalibrationColor.uasset" 202
"../../../Engine/Content/EngineMaterials/PPM_DefaultCalibrationColor.uexp" 203
"../../../Engine/Content/EngineMaterials/DefaultCalibrationGrayscale.uasset" 204
"../../../Engine/Content/EngineMaterials/DefaultCalibrationGrayscale.uexp" 205
"../../../Engine/Content/EngineMaterials/PPM_DefaultCalibrationGrayscale.uasset" 206
"../../../Engine/Content/EngineMaterials/PPM_DefaultCalibrationGrayscale.uexp" 207
"../../../Engine/Content/EngineMaterials/PreintegratedSkinBRDF.uasset" 208
"../../../Engine/Content/EngineMaterials/PreintegratedSkinBRDF.uexp" 209
"../../../Engine/Content/EngineMaterials/RemoveSurfaceMaterial.uasset" 210
"../../../Engine/Content/EngineMaterials/RemoveSurfaceMaterial.uexp" 211
"../../../Engine/Content/EngineMaterials/WeightMapPlaceholderTexture.uasset" 212
"../../../Engine/Content/EngineMaterials/WeightMapPlaceholderTexture.uexp" 213
"../../../Engine/Content/EngineResources/WhiteSquareTexture.uasset" 214
"../../../Engine/Content/EngineResources/WhiteSquareTexture.uexp" 215
"../../../Engine/Content/EngineMaterials/Widget3DPassThrough.uasset" 216
"../../../Engine/Content/EngineMaterials/Widget3DPassThrough.uexp" 217
"../../../Engine/Content/EngineMaterials/Widget3DPassThrough_Masked.uasset" 218
"../../../Engine/Content/EngineMaterials/Widget3DPassThrough_Masked.uexp" 219
"../../../Engine/Content/EngineMaterials/Widget3DPassThrough_Opaque.uasset" 220
"../../../Engine/Content/EngineMaterials/Widget3DPassThrough_Opaque.uexp" 221
"../../../Engine/Content/EngineMaterials/Widget3DPassThrough_Masked_OneSided.uasset" 222
"../../../Engine/Content/EngineMaterials/Widget3DPassThrough_Masked_OneSided.uexp" 223
"../../../Engine/Content/EngineMaterials/Widget3DPassThrough_Opaque_OneSided.uasset" 224
"../../../Engine/Content/EngineMaterials/Widget3DPassThrough_Opaque_OneSided.uexp" 225
"../../../Engine/Content/EngineMaterials/Widget3DPassThrough_Translucent.uasset" 226
"../../../Engine/Content/EngineMaterials/Widget3DPassThrough_Translucent.uexp" 227
"../../../Engine/Content/EngineMaterials/Widget3DPassThrough_Translucent_OneSided.uasset" 228
"../../../Engine/Content/EngineMaterials/Widget3DPassThrough_Translucent_OneSided.uexp" 229
"../../../Engine/Content/EngineMeshes/Cylinder.uasset" 230
"../../../Engine/Content/EngineMeshes/Cylinder.uexp" 231
"../../../Engine/Content/EngineMeshes/Sphere.uasset" 232
"../../../Engine/Content/EngineMeshes/Sphere.uexp" 233
"../../../Engine/Content/EngineResources/DefaultTextureCube.uasset" 234
"../../../Engine/Content/EngineResources/DefaultTextureCube.uexp" 235
"../../../Engine/Content/EngineResources/DefaultVolumeTexture2D.uasset" 236
"../../../Engine/Content/EngineResources/DefaultVolumeTexture2D.uexp" 237
"../../../Engine/Content/EngineResources/DefaultVolumeTexture.uasset" 238
"../../../Engine/Content/EngineResources/DefaultVolumeTexture.uexp" 239
"../../../Engine/Content/EngineResources/GradientTexture0.uasset" 240
"../../../Engine/Content/EngineResources/GradientTexture0.uexp" 241
"../../../Engine/Content/EngineSky/VolumetricClouds/T_NoiseShape64.uasset" 242
"../../../Engine/Content/EngineSky/VolumetricClouds/T_NoiseShape64.uexp" 243
"../../../Engine/Content/EngineSky/VolumetricClouds/T_NoiseShape64.ubulk" 244
"../../../Engine/Content/EngineSky/VolumetricClouds/T_VolumeNoiseShape64.uasset" 245
"../../../Engine/Content/EngineSky/VolumetricClouds/T_VolumeNoiseShape64.uexp" 246
"../../../Engine/Content/EngineSky/VolumetricClouds/T_NoiseErosion.uasset" 247
"../../../Engine/Content/EngineSky/VolumetricClouds/T_NoiseErosion.uexp" 248
"../../../Engine/Content/EngineSky/VolumetricClouds/T_NoiseErosion.ubulk" 249
"../../../Engine/Content/EngineSky/VolumetricClouds/T_VolumeNoiseErosion32.uasset" 250
"../../../Engine/Content/EngineSky/VolumetricClouds/T_VolumeNoiseErosion32.uexp" 251
"../../../Engine/Content/EngineSky/VolumetricClouds/CloudWeatherTexture.uasset" 252
"../../../Engine/Content/EngineSky/VolumetricClouds/CloudWeatherTexture.uexp" 253
"../../../Engine/Content/EngineSky/VolumetricClouds/CloudGradientTexture.uasset" 254
"../../../Engine/Content/EngineSky/VolumetricClouds/CloudGradientTexture.uexp" 255
"../../../Engine/Content/Functions/Engine_MaterialFunctions02/Utility/MakeFloat2.uasset" 256
"../../../Engine/Content/Functions/Engine_MaterialFunctions02/Utility/MakeFloat2.uexp" 257
"../../../Engine/Content/EngineSky/VolumetricClouds/m_SimpleVolumetricCloud.uasset" 258
"../../../Engine/Content/EngineSky/VolumetricClouds/m_SimpleVolumetricCloud.uexp" 259
"../../../Engine/Content/EngineSky/VolumetricClouds/m_SimpleVolumetricCloud_Inst.uasset" 260
"../../../Engine/Content/EngineSky/VolumetricClouds/m_SimpleVolumetricCloud_Inst.uexp" 261
"../../../Engine/Content/EngineSounds/Master.uasset" 262
"../../../Engine/Content/EngineSounds/Master.uexp" 263
"../../../Engine/Content/Functions/Engine_MaterialFunctions01/Shading/PowerToRoughness.uasset" 264
"../../../Engine/Content/Functions/Engine_MaterialFunctions01/Shading/PowerToRoughness.uexp" 265
"../../../Engine/Content/Maps/Templates/Thumbnails/Default.uasset" 266
"../../../Engine/Content/Maps/Templates/Thumbnails/Default.uexp" 267
"../../../Engine/Content/Maps/Templates/Thumbnails/TimeOfDay.uasset" 268
"../../../Engine/Content/Maps/Templates/Thumbnails/TimeOfDay.uexp" 269
"../../../Engine/Content/Maps/Templates/Thumbnails/VR-Basic.uasset" 270
"../../../Engine/Content/Maps/Templates/Thumbnails/VR-Basic.uexp" 271
"../../../Engine/Content/MobileResources/T_MobileControls_texture.uasset" 272
"../../../Engine/Content/MobileResources/T_MobileControls_texture.uexp" 273
"../../../Engine/Content/MobileResources/T_MobileMenu2.uasset" 274
"../../../Engine/Content/MobileResources/T_MobileMenu2.uexp" 275
"../../../Engine/Content/MobileResources/HUD/AnalogHat.uasset" 276
"../../../Engine/Content/MobileResources/HUD/AnalogHat.uexp" 277
"../../../Engine/Content/MobileResources/HUD/VirtualJoystick_Thumb.uasset" 278
"../../../Engine/Content/MobileResources/HUD/VirtualJoystick_Thumb.uexp" 279
"../../../Engine/Content/MobileResources/HUD/VirtualJoystick_Background.uasset" 280
"../../../Engine/Content/MobileResources/HUD/VirtualJoystick_Background.uexp" 281
"../../../Engine/Content/MobileResources/HUD/DefaultVirtualJoysticks.uasset" 282
"../../../Engine/Content/MobileResources/HUD/DefaultVirtualJoysticks.uexp" 283
"../../../Engine/Content/MobileResources/HUD/LeftVirtualJoystickOnly.uasset" 284
"../../../Engine/Content/MobileResources/HUD/LeftVirtualJoystickOnly.uexp" 285
"../../../Engine/Content/MobileResources/HUD/MobileHUDButton1_off.uasset" 286
"../../../Engine/Content/MobileResources/HUD/MobileHUDButton1_off.uexp" 287
"../../../Engine/Content/MobileResources/HUD/MobileHUDButton1_on.uasset" 288
"../../../Engine/Content/MobileResources/HUD/MobileHUDButton1_on.uexp" 289
"../../../Engine/Content/MobileResources/HUD/MobileHUDButton2_off.uasset" 290
"../../../Engine/Content/MobileResources/HUD/MobileHUDButton2_off.uexp" 291
"../../../Engine/Content/MobileResources/HUD/MobileHUDButton2_on.uasset" 292
"../../../Engine/Content/MobileResources/HUD/MobileHUDButton2_on.uexp" 293
"../../../Engine/Content/MobileResources/HUD/MobileHUDButton3.uasset" 294
"../../../Engine/Content/MobileResources/HUD/MobileHUDButton3.uexp" 295
"../../../Engine/Content/MobileResources/HUD/MobileHUDButtonFire.uasset" 296
"../../../Engine/Content/MobileResources/HUD/MobileHUDButtonFire.uexp" 297
"../../../Engine/Content/MobileResources/HUD/MobileHUDDirectionPad.uasset" 298
"../../../Engine/Content/MobileResources/HUD/MobileHUDDirectionPad.uexp" 299
"../../../Engine/Content/MobileResources/HUD/MobileHUDDirectionPad2.uasset" 300
"../../../Engine/Content/MobileResources/HUD/MobileHUDDirectionPad2.uexp" 301
"../../../Engine/Content/MobileResources/HUD/MobileHUDDirectionPad3.uasset" 302
"../../../Engine/Content/MobileResources/HUD/MobileHUDDirectionPad3.uexp" 303
"../../../Engine/Content/MobileResources/HUD/MobileHUDDirectionStick.uasset" 304
"../../../Engine/Content/MobileResources/HUD/MobileHUDDirectionStick.uexp" 305
"../../../Engine/Content/MobileResources/HUD/T_Castle_ThumbstickInner.uasset" 306
"../../../Engine/Content/MobileResources/HUD/T_Castle_ThumbstickInner.uexp" 307
"../../../Engine/Content/MobileResources/HUD/T_Castle_ThumbstickOutter.uasset" 308
"../../../Engine/Content/MobileResources/HUD/T_Castle_ThumbstickOutter.uexp" 309
"../../../Engine/Content/Tutorial/ContentIntroCurve.uasset" 310
"../../../Engine/Content/Tutorial/ContentIntroCurve.uexp" 311
"../../../Engine/Content/Tutorial/Basics/TutorialAssets/icon_tab_Levels_40x.uasset" 312
"../../../Engine/Content/Tutorial/Basics/TutorialAssets/icon_tab_Levels_40x.uexp" 313
"../../../Engine/Content/VREditor/TransformGizmo/TranslucentTransformGizmoMaterial.uasset" 314
"../../../Engine/Content/VREditor/TransformGizmo/TranslucentTransformGizmoMaterial.uexp" 315
"../../../Engine/Content/VREditor/LaserPointer/VR_LaserPower_01.uasset" 316
"../../../Engine/Content/VREditor/LaserPointer/VR_LaserPower_01.uexp" 317
"../../../Engine/Content/VREditor/LaserPointer/VR_LaserPower_01.ubulk" 318
"../../../Engine/Content/VREditor/TransformGizmo/TransformGizmoMaterial.uasset" 319
"../../../Engine/Content/VREditor/TransformGizmo/TransformGizmoMaterial.uexp" 320
"../../../Engine/Content/VREditor/TransformGizmo/BoundingBoxCorner.uasset" 321
"../../../Engine/Content/VREditor/TransformGizmo/BoundingBoxCorner.uexp" 322
"../../../Engine/Content/VREditor/TransformGizmo/BoundingBoxEdge.uasset" 323
"../../../Engine/Content/VREditor/TransformGizmo/BoundingBoxEdge.uexp" 324
"../../../Engine/Content/VREditor/TransformGizmo/PlaneTranslationHandle.uasset" 325
"../../../Engine/Content/VREditor/TransformGizmo/PlaneTranslationHandle.uexp" 326
"../../../Engine/Content/VREditor/TransformGizmo/Xray.uasset" 327
"../../../Engine/Content/VREditor/TransformGizmo/Xray.uexp" 328
"../../../Engine/Content/VREditor/TransformGizmo/Main.uasset" 329
"../../../Engine/Content/VREditor/TransformGizmo/Main.uexp" 330
"../../../Engine/Content/VREditor/TransformGizmo/SM_Sequencer_Key.uasset" 331
"../../../Engine/Content/VREditor/TransformGizmo/SM_Sequencer_Key.uexp" 332
"../../../Engine/Content/VREditor/TransformGizmo/SM_Sequencer_Node.uasset" 333
"../../../Engine/Content/VREditor/TransformGizmo/SM_Sequencer_Node.uexp" 334
"../../../Engine/Plugins/2D/Paper2D/Content/PlaceholderTextures/DummySpriteTexture.uasset" 335
"../../../Engine/Plugins/2D/Paper2D/Content/PlaceholderTextures/DummySpriteTexture.uexp" 336
"../../../Engine/Plugins/2D/Paper2D/Content/PlaceholderTextures/DummySpriteTexture.ubulk" 337
"../../../Engine/Plugins/2D/Paper2D/Content/DummySprite.uasset" 338
"../../../Engine/Plugins/2D/Paper2D/Content/DummySprite.uexp" 339
"../../../Engine/Plugins/2D/Paper2D/Content/DefaultPaperTerrainMaterial.uasset" 340
"../../../Engine/Plugins/2D/Paper2D/Content/DefaultPaperTerrainMaterial.uexp" 341
"../../../Engine/Plugins/2D/Paper2D/Content/DefaultSpriteMaterial.uasset" 342
"../../../Engine/Plugins/2D/Paper2D/Content/DefaultSpriteMaterial.uexp" 343
"../../../Engine/Plugins/2D/Paper2D/Content/MaskedUnlitSpriteMaterial.uasset" 344
"../../../Engine/Plugins/2D/Paper2D/Content/MaskedUnlitSpriteMaterial.uexp" 345
"../../../Engine/Plugins/2D/Paper2D/Content/OpaqueUnlitSpriteMaterial.uasset" 346
"../../../Engine/Plugins/2D/Paper2D/Content/OpaqueUnlitSpriteMaterial.uexp" 347
"../../../Engine/Content/Functions/Engine_MaterialFunctions02/Utility/BreakOutFloat3Components.uasset" 348
"../../../Engine/Content/Functions/Engine_MaterialFunctions02/Utility/BreakOutFloat3Components.uexp" 349
"../../../Engine/Plugins/Editor/SpeedTreeImporter/Content/SpeedTree9/UnpackInteger3.uasset" 350
"../../../Engine/Plugins/Editor/SpeedTreeImporter/Content/SpeedTree9/UnpackInteger3.uexp" 351
"../../../Engine/Plugins/Editor/SpeedTreeImporter/Content/SpeedTree9/UnpackDirection.uasset" 352
"../../../Engine/Plugins/Editor/SpeedTreeImporter/Content/SpeedTree9/UnpackDirection.uexp" 353
"../../../Engine/Plugins/Editor/SpeedTreeImporter/Content/SpeedTree9/game_wind_noise.uasset" 354
"../../../Engine/Plugins/Editor/SpeedTreeImporter/Content/SpeedTree9/game_wind_noise.uexp" 355
"../../../Engine/Plugins/Editor/SpeedTreeImporter/Content/SpeedTree9/game_wind_noise.ubulk" 356
"../../../Engine/Content/Functions/Engine_MaterialFunctions02/SafeNormalize.uasset" 357
"../../../Engine/Content/Functions/Engine_MaterialFunctions02/SafeNormalize.uexp" 358
"../../../Engine/Plugins/Editor/SpeedTreeImporter/Content/SpeedTree9/SpeedTreeWindMotion.uasset" 359
"../../../Engine/Plugins/Editor/SpeedTreeImporter/Content/SpeedTree9/SpeedTreeWindMotion.uexp" 360
"../../../Engine/Plugins/Editor/SpeedTreeImporter/Content/SpeedTree9/SpeedTreeBranchMotion.uasset" 361
"../../../Engine/Plugins/Editor/SpeedTreeImporter/Content/SpeedTree9/SpeedTreeBranchMotion.uexp" 362
"../../../Engine/Content/Functions/Engine_MaterialFunctions02/ObjectLocalBounds.uasset" 363
"../../../Engine/Content/Functions/Engine_MaterialFunctions02/ObjectLocalBounds.uexp" 364
"../../../Engine/Content/Functions/Engine_MaterialFunctions02/UVs/BoundingBoxBased_0-1_UVW.uasset" 365
"../../../Engine/Content/Functions/Engine_MaterialFunctions02/UVs/BoundingBoxBased_0-1_UVW.uexp" 366
"../../../Engine/Content/Functions/Engine_MaterialFunctions02/Utility/VectorLength.uasset" 367
"../../../Engine/Content/Functions/Engine_MaterialFunctions02/Utility/VectorLength.uexp" 368
"../../../Engine/Content/Functions/Engine_MaterialFunctions02/WorldPositionOffset/ObjectScale.uasset" 369
"../../../Engine/Content/Functions/Engine_MaterialFunctions02/WorldPositionOffset/ObjectScale.uexp" 370
"../../../Engine/Plugins/Editor/SpeedTreeImporter/Content/SpeedTree9/SpeedTreeWind.uasset" 371
"../../../Engine/Plugins/Editor/SpeedTreeImporter/Content/SpeedTree9/SpeedTreeWind.uexp" 372
"../../../Engine/Plugins/Editor/SpeedTreeImporter/Content/SpeedTree9/SpeedTreeBillboard.uasset" 373
"../../../Engine/Plugins/Editor/SpeedTreeImporter/Content/SpeedTree9/SpeedTreeBillboard.uexp" 374
"../../../Engine/Plugins/Editor/SpeedTreeImporter/Content/SpeedTree9/EmptyNormal.uasset" 375
"../../../Engine/Plugins/Editor/SpeedTreeImporter/Content/SpeedTree9/EmptyNormal.uexp" 376
"../../../Engine/Plugins/Editor/SpeedTreeImporter/Content/SpeedTree9/Empty.uasset" 377
"../../../Engine/Plugins/Editor/SpeedTreeImporter/Content/SpeedTree9/Empty.uexp" 378
"../../../Engine/Plugins/Editor/SpeedTreeImporter/Content/SpeedTree9/SpeedTreeBillboardMaster.uasset" 379
"../../../Engine/Plugins/Editor/SpeedTreeImporter/Content/SpeedTree9/SpeedTreeBillboardMaster.uexp" 380
"../../../Engine/Plugins/Editor/SpeedTreeImporter/Content/SpeedTree9/SpeedTreeCameraFacing.uasset" 381
"../../../Engine/Plugins/Editor/SpeedTreeImporter/Content/SpeedTree9/SpeedTreeCameraFacing.uexp" 382
"../../../Engine/Plugins/Editor/SpeedTreeImporter/Content/SpeedTree9/SpeedTreeMaster.uasset" 383
"../../../Engine/Plugins/Editor/SpeedTreeImporter/Content/SpeedTree9/SpeedTreeMaster.uexp" 384
"../../../Engine/Content/BasicShapes/Cylinder.uasset" 385
"../../../Engine/Content/BasicShapes/Cylinder.uexp" 386
"../../../Engine/Content/ArtTools/RenderToTexture/Materials/Debug/M_Emissive_Color.uasset" 387
"../../../Engine/Content/ArtTools/RenderToTexture/Materials/Debug/M_Emissive_Color.uexp" 388
"../../../Engine/Plugins/Lumin/MagicLeapPassableWorld/Content/MagicLeapARPinInfoActor.uasset" 389
"../../../Engine/Plugins/Lumin/MagicLeapPassableWorld/Content/MagicLeapARPinInfoActor.uexp" 390
"../../../Engine/Plugins/Runtime/OpenXR/Content/Devices/GoogleDaydream/MRTexture.uasset" 391
"../../../Engine/Plugins/Runtime/OpenXR/Content/Devices/GoogleDaydream/MRTexture.uexp" 392
"../../../Engine/Plugins/Runtime/OpenXR/Content/Devices/GoogleDaydream/MRTexture.ubulk" 393
"../../../Engine/Plugins/Runtime/OpenXR/Content/Devices/GoogleDaydream/BaseTexture.uasset" 394
"../../../Engine/Plugins/Runtime/OpenXR/Content/Devices/GoogleDaydream/BaseTexture.uexp" 395
"../../../Engine/Plugins/Runtime/OpenXR/Content/Devices/GoogleDaydream/BaseTexture.ubulk" 396
"../../../Engine/Content/EngineResources/Black.uasset" 397
"../../../Engine/Content/EngineResources/Black.uexp" 398
"../../../Engine/Plugins/Runtime/OpenXR/Content/Devices/M_XRController.uasset" 399
"../../../Engine/Plugins/Runtime/OpenXR/Content/Devices/M_XRController.uexp" 400
"../../../Engine/Plugins/Runtime/OpenXR/Content/Devices/GoogleDaydream/MI_GoogleDaydream.uasset" 401
"../../../Engine/Plugins/Runtime/OpenXR/Content/Devices/GoogleDaydream/MI_GoogleDaydream.uexp" 402
"../../../Engine/Plugins/Runtime/OpenXR/Content/Devices/GoogleDaydream/GoogleDaydreamController.uasset" 403
"../../../Engine/Plugins/Runtime/OpenXR/Content/Devices/GoogleDaydream/GoogleDaydreamController.uexp" 404
"../../../Engine/Plugins/Runtime/OpenXR/Content/Devices/HTCVive/BaseTexture.uasset" 405
"../../../Engine/Plugins/Runtime/OpenXR/Content/Devices/HTCVive/BaseTexture.uexp" 406
"../../../Engine/Plugins/Runtime/OpenXR/Content/Devices/HTCVive/BaseTexture.ubulk" 407
"../../../Engine/Plugins/Runtime/OpenXR/Content/Devices/HTCVive/MI_HTCVive.uasset" 408
"../../../Engine/Plugins/Runtime/OpenXR/Content/Devices/HTCVive/MI_HTCVive.uexp" 409
"../../../Engine/Plugins/Runtime/OpenXR/Content/Devices/HTCVive/HTCViveController.uasset" 410
"../../../Engine/Plugins/Runtime/OpenXR/Content/Devices/HTCVive/HTCViveController.uexp" 411
"../../../Engine/Plugins/Runtime/OpenXR/Content/Devices/MicrosoftMixedReality/NormalTexture.uasset" 412
"../../../Engine/Plugins/Runtime/OpenXR/Content/Devices/MicrosoftMixedReality/NormalTexture.uexp" 413
"../../../Engine/Plugins/Runtime/OpenXR/Content/Devices/MicrosoftMixedReality/NormalTexture.ubulk" 414
"../../../Engine/Plugins/Runtime/OpenXR/Content/Devices/MicrosoftMixedReality/MRTexture.uasset" 415
"../../../Engine/Plugins/Runtime/OpenXR/Content/Devices/MicrosoftMixedReality/MRTexture.uexp" 416
"../../../Engine/Plugins/Runtime/OpenXR/Content/Devices/MicrosoftMixedReality/MRTexture.ubulk" 417
"../../../Engine/Plugins/Runtime/OpenXR/Content/Devices/MicrosoftMixedReality/EmissiveTexture.uasset" 418
"../../../Engine/Plugins/Runtime/OpenXR/Content/Devices/MicrosoftMixedReality/EmissiveTexture.uexp" 419
"../../../Engine/Plugins/Runtime/OpenXR/Content/Devices/MicrosoftMixedReality/EmissiveTexture.ubulk" 420
"../../../Engine/Plugins/Runtime/OpenXR/Content/Devices/MicrosoftMixedReality/BaseTexture.uasset" 421
"../../../Engine/Plugins/Runtime/OpenXR/Content/Devices/MicrosoftMixedReality/BaseTexture.uexp" 422
"../../../Engine/Plugins/Runtime/OpenXR/Content/Devices/MicrosoftMixedReality/BaseTexture.ubulk" 423
"../../../Engine/Plugins/Runtime/OpenXR/Content/Devices/MicrosoftMixedReality/MI_MicrosoftMixedReality.uasset" 424
"../../../Engine/Plugins/Runtime/OpenXR/Content/Devices/MicrosoftMixedReality/MI_MicrosoftMixedReality.uexp" 425
"../../../Engine/Plugins/Runtime/OpenXR/Content/Devices/MicrosoftMixedReality/Left/left_MicrosoftMixedRealityController.uasset" 426
"../../../Engine/Plugins/Runtime/OpenXR/Content/Devices/MicrosoftMixedReality/Left/left_MicrosoftMixedRealityController.uexp" 427
"../../../Engine/Plugins/Runtime/OpenXR/Content/Devices/MicrosoftMixedReality/Right/right_MicrosoftMixedRealityController.uasset" 428
"../../../Engine/Plugins/Runtime/OpenXR/Content/Devices/MicrosoftMixedReality/Right/right_MicrosoftMixedRealityController.uexp" 429
"../../../Engine/Plugins/Runtime/OpenXR/Content/Devices/OculusGo/BaseTexture.uasset" 430
"../../../Engine/Plugins/Runtime/OpenXR/Content/Devices/OculusGo/BaseTexture.uexp" 431
"../../../Engine/Plugins/Runtime/OpenXR/Content/Devices/OculusGo/BaseTexture.ubulk" 432
"../../../Engine/Plugins/Runtime/OpenXR/Content/Devices/OculusGo/MI_OculusGo.uasset" 433
"../../../Engine/Plugins/Runtime/OpenXR/Content/Devices/OculusGo/MI_OculusGo.uexp" 434
"../../../Engine/Plugins/Runtime/OpenXR/Content/Devices/OculusGo/OculusGoController.uasset" 435
"../../../Engine/Plugins/Runtime/OpenXR/Content/Devices/OculusGo/OculusGoController.uexp" 436
"../../../Engine/Plugins/Runtime/OpenXR/Content/Devices/OculusTouch/MRTexture.uasset" 437
"../../../Engine/Plugins/Runtime/OpenXR/Content/Devices/OculusTouch/MRTexture.uexp" 438
"../../../Engine/Plugins/Runtime/OpenXR/Content/Devices/OculusTouch/MRTexture.ubulk" 439
"../../../Engine/Plugins/Runtime/OpenXR/Content/Devices/OculusTouch/BaseTexture.uasset" 440
"../../../Engine/Plugins/Runtime/OpenXR/Content/Devices/OculusTouch/BaseTexture.uexp" 441
"../../../Engine/Plugins/Runtime/OpenXR/Content/Devices/OculusTouch/BaseTexture.ubulk" 442
"../../../Engine/Plugins/Runtime/OpenXR/Content/Devices/OculusTouch/MI_OculusTouch.uasset" 443
"../../../Engine/Plugins/Runtime/OpenXR/Content/Devices/OculusTouch/MI_OculusTouch.uexp" 444
"../../../Engine/Plugins/Runtime/OpenXR/Content/Devices/OculusTouch/Left/left_OculusTouchController.uasset" 445
"../../../Engine/Plugins/Runtime/OpenXR/Content/Devices/OculusTouch/Left/left_OculusTouchController.uexp" 446
"../../../Engine/Plugins/Runtime/OpenXR/Content/Devices/OculusTouch/Right/right_OculusTouchController.uasset" 447
"../../../Engine/Plugins/Runtime/OpenXR/Content/Devices/OculusTouch/Right/right_OculusTouchController.uexp" 448
"../../../Engine/Plugins/Runtime/OpenXR/Content/Devices/OculusTouch_v2/MRTexture.uasset" 449
"../../../Engine/Plugins/Runtime/OpenXR/Content/Devices/OculusTouch_v2/MRTexture.uexp" 450
"../../../Engine/Plugins/Runtime/OpenXR/Content/Devices/OculusTouch_v2/MRTexture.ubulk" 451
"../../../Engine/Plugins/Runtime/OpenXR/Content/Devices/OculusTouch_v2/BaseTexture.uasset" 452
"../../../Engine/Plugins/Runtime/OpenXR/Content/Devices/OculusTouch_v2/BaseTexture.uexp" 453
"../../../Engine/Plugins/Runtime/OpenXR/Content/Devices/OculusTouch_v2/BaseTexture.ubulk" 454
"../../../Engine/Plugins/Runtime/OpenXR/Content/Devices/OculusTouch_v2/MI_OculusTouch_v2.uasset" 455
"../../../Engine/Plugins/Runtime/OpenXR/Content/Devices/OculusTouch_v2/MI_OculusTouch_v2.uexp" 456
"../../../Engine/Plugins/Runtime/OpenXR/Content/Devices/OculusTouch_v2/Left/left_OculusTouch_v2Controller.uasset" 457
"../../../Engine/Plugins/Runtime/OpenXR/Content/Devices/OculusTouch_v2/Left/left_OculusTouch_v2Controller.uexp" 458
"../../../Engine/Plugins/Runtime/OpenXR/Content/Devices/OculusTouch_v2/Right/right_OculusTouch_v2Controller.uasset" 459
"../../../Engine/Plugins/Runtime/OpenXR/Content/Devices/OculusTouch_v2/Right/right_OculusTouch_v2Controller.uexp" 460
"../../../Engine/Plugins/Runtime/OpenXR/Content/Devices/OculusTouch_v3/MRTexture.uasset" 461
"../../../Engine/Plugins/Runtime/OpenXR/Content/Devices/OculusTouch_v3/MRTexture.uexp" 462
"../../../Engine/Plugins/Runtime/OpenXR/Content/Devices/OculusTouch_v3/MRTexture.ubulk" 463
"../../../Engine/Plugins/Runtime/OpenXR/Content/Devices/OculusTouch_v3/BaseTexture.uasset" 464
"../../../Engine/Plugins/Runtime/OpenXR/Content/Devices/OculusTouch_v3/BaseTexture.uexp" 465
"../../../Engine/Plugins/Runtime/OpenXR/Content/Devices/OculusTouch_v3/BaseTexture.ubulk" 466
"../../../Engine/Plugins/Runtime/OpenXR/Content/Devices/OculusTouch_v3/MI_OculusTouch_v3.uasset" 467
"../../../Engine/Plugins/Runtime/OpenXR/Content/Devices/OculusTouch_v3/MI_OculusTouch_v3.uexp" 468
"../../../Engine/Plugins/Runtime/OpenXR/Content/Devices/OculusTouch_v3/Left/left_OculusTouch_v3Controller.uasset" 469
"../../../Engine/Plugins/Runtime/OpenXR/Content/Devices/OculusTouch_v3/Left/left_OculusTouch_v3Controller.uexp" 470
"../../../Engine/Plugins/Runtime/OpenXR/Content/Devices/OculusTouch_v3/Right/right_OculusTouch_v3Controller.uasset" 471
"../../../Engine/Plugins/Runtime/OpenXR/Content/Devices/OculusTouch_v3/Right/right_OculusTouch_v3Controller.uexp" 472
"../../../Engine/Plugins/Runtime/OpenXR/Content/Devices/ValveIndex/MRTexture.uasset" 473
"../../../Engine/Plugins/Runtime/OpenXR/Content/Devices/ValveIndex/MRTexture.uexp" 474
"../../../Engine/Plugins/Runtime/OpenXR/Content/Devices/ValveIndex/MRTexture.ubulk" 475
"../../../Engine/Plugins/Runtime/OpenXR/Content/Devices/ValveIndex/BaseTexture.uasset" 476
"../../../Engine/Plugins/Runtime/OpenXR/Content/Devices/ValveIndex/BaseTexture.uexp" 477
"../../../Engine/Plugins/Runtime/OpenXR/Content/Devices/ValveIndex/BaseTexture.ubulk" 478
"../../../Engine/Plugins/Runtime/OpenXR/Content/Devices/ValveIndex/Left/MI_left_ValveIndex.uasset" 479
"../../../Engine/Plugins/Runtime/OpenXR/Content/Devices/ValveIndex/Left/MI_left_ValveIndex.uexp" 480
"../../../Engine/Plugins/Runtime/OpenXR/Content/Devices/ValveIndex/Left/left_ValveIndexController.uasset" 481
"../../../Engine/Plugins/Runtime/OpenXR/Content/Devices/ValveIndex/Left/left_ValveIndexController.uexp" 482
"../../../Engine/Plugins/Runtime/OpenXR/Content/Devices/ValveIndex/Right/MI_right_ValveIndex.uasset" 483
"../../../Engine/Plugins/Runtime/OpenXR/Content/Devices/ValveIndex/Right/MI_right_ValveIndex.uexp" 484
"../../../Engine/Plugins/Runtime/OpenXR/Content/Devices/ValveIndex/Right/right_ValveIndexController.uasset" 485
"../../../Engine/Plugins/Runtime/OpenXR/Content/Devices/ValveIndex/Right/right_ValveIndexController.uexp" 486
"../../../Engine/Content/Functions/Engine_MaterialFunctions02/Utility/BreakOutFloat4Components.uasset" 487
"../../../Engine/Content/Functions/Engine_MaterialFunctions02/Utility/BreakOutFloat4Components.uexp" 488
"../../../Engine/Content/EngineResources/DefaultTexture.uasset" 489
"../../../Engine/Content/EngineResources/DefaultTexture.uexp" 490
"../../../Engine/Content/EngineResources/DefaultTexture.ubulk" 491
"../../../Engine/Content/Functions/Engine_MaterialFunctions02/Utility/MakeFloat3.uasset" 492
"../../../Engine/Content/Functions/Engine_MaterialFunctions02/Utility/MakeFloat3.uexp" 493
"../../../Engine/Plugins/Runtime/Oculus/OculusVR/Content/Materials/OculusMR_ChromaKey.uasset" 494
"../../../Engine/Plugins/Runtime/Oculus/OculusVR/Content/Materials/OculusMR_ChromaKey.uexp" 495
"../../../Engine/Plugins/Runtime/Oculus/OculusVR/Content/Materials/OculusMR_OpaqueColoredMaterial.uasset" 496
"../../../Engine/Plugins/Runtime/Oculus/OculusVR/Content/Materials/OculusMR_OpaqueColoredMaterial.uexp" 497
"../../../Engine/Plugins/Runtime/Oculus/OculusVR/Content/Materials/PokeAHoleMaterial.uasset" 498
"../../../Engine/Plugins/Runtime/Oculus/OculusVR/Content/Materials/PokeAHoleMaterial.uexp" 499
"../../../Engine/Plugins/Runtime/Oculus/OculusVR/Content/Textures/touchController_controlmap.uasset" 500
"../../../Engine/Plugins/Runtime/Oculus/OculusVR/Content/Textures/touchController_controlmap.uexp" 501
"../../../Engine/Plugins/Runtime/Oculus/OculusVR/Content/Textures/touchController_controlmap.ubulk" 502
"../../../Engine/Plugins/Runtime/Oculus/OculusVR/Content/Textures/touchController_albedo.uasset" 503
"../../../Engine/Plugins/Runtime/Oculus/OculusVR/Content/Textures/touchController_albedo.uexp" 504
"../../../Engine/Plugins/Runtime/Oculus/OculusVR/Content/Textures/touchController_albedo.ubulk" 505
"../../../Engine/Plugins/Runtime/Oculus/OculusVR/Content/Materials/touchController_mat.uasset" 506
"../../../Engine/Plugins/Runtime/Oculus/OculusVR/Content/Materials/touchController_mat.uexp" 507
"../../../Engine/Plugins/Runtime/Oculus/OculusVR/Content/Meshes/LeftTouchController.uasset" 508
"../../../Engine/Plugins/Runtime/Oculus/OculusVR/Content/Meshes/LeftTouchController.uexp" 509
"../../../Engine/Plugins/Runtime/Oculus/OculusVR/Content/Textures/TouchForQuestRiftSController_albedo.uasset" 510
"../../../Engine/Plugins/Runtime/Oculus/OculusVR/Content/Textures/TouchForQuestRiftSController_albedo.uexp" 511
"../../../Engine/Plugins/Runtime/Oculus/OculusVR/Content/Textures/TouchForQuestRiftSController_albedo.ubulk" 512
"../../../Engine/Plugins/Runtime/Oculus/OculusVR/Content/Materials/TouchForQuestRiftSControllerMaterial.uasset" 513
"../../../Engine/Plugins/Runtime/Oculus/OculusVR/Content/Materials/TouchForQuestRiftSControllerMaterial.uexp" 514
"../../../Engine/Plugins/Runtime/Oculus/OculusVR/Content/Meshes/LeftTouchForQuestRiftSController.uasset" 515
"../../../Engine/Plugins/Runtime/Oculus/OculusVR/Content/Meshes/LeftTouchForQuestRiftSController.uexp" 516
"../../../Engine/Plugins/Runtime/Oculus/OculusVR/Content/Meshes/RiftHMD.uasset" 517
"../../../Engine/Plugins/Runtime/Oculus/OculusVR/Content/Meshes/RiftHMD.uexp" 518
"../../../Engine/Plugins/Runtime/Oculus/OculusVR/Content/Meshes/RightTouchController.uasset" 519
"../../../Engine/Plugins/Runtime/Oculus/OculusVR/Content/Meshes/RightTouchController.uexp" 520
"../../../Engine/Plugins/Runtime/Oculus/OculusVR/Content/Meshes/RightTouchForQuestRiftSController.uasset" 521
"../../../Engine/Plugins/Runtime/Oculus/OculusVR/Content/Meshes/RightTouchForQuestRiftSController.uexp" 522
"G:/UnrEngProjects/PlatformGameUdemy/Content/StarterContent/Textures/T_Spark_Core.uasset" 523
"G:/UnrEngProjects/PlatformGameUdemy/Content/StarterContent/Textures/T_Spark_Core.uexp" 524
"G:/UnrEngProjects/PlatformGameUdemy/Content/StarterContent/Textures/T_Spark_Core.ubulk" 525
"G:/UnrEngProjects/PlatformGameUdemy/Content/StarterContent/Particles/Materials/M_Spark.uasset" 526
"G:/UnrEngProjects/PlatformGameUdemy/Content/StarterContent/Particles/Materials/M_Spark.uexp" 527
"../../../Engine/Content/Functions/Engine_MaterialFunctions01/Gradient/RadialGradient.uasset" 528
"../../../Engine/Content/Functions/Engine_MaterialFunctions01/Gradient/RadialGradient.uexp" 529
"G:/UnrEngProjects/PlatformGameUdemy/Content/StarterContent/Particles/Materials/M_Radial_Gradient.uasset" 530
"G:/UnrEngProjects/PlatformGameUdemy/Content/StarterContent/Particles/Materials/M_Radial_Gradient.uexp" 531
"G:/UnrEngProjects/PlatformGameUdemy/Content/StarterContent/Textures/T_Smoke_Tiled_D.uasset" 532
"G:/UnrEngProjects/PlatformGameUdemy/Content/StarterContent/Textures/T_Smoke_Tiled_D.uexp" 533
"G:/UnrEngProjects/PlatformGameUdemy/Content/StarterContent/Textures/T_Smoke_Tiled_D.ubulk" 534
"G:/UnrEngProjects/PlatformGameUdemy/Content/StarterContent/Textures/T_Smoke_SubUV.uasset" 535
"G:/UnrEngProjects/PlatformGameUdemy/Content/StarterContent/Textures/T_Smoke_SubUV.uexp" 536
"G:/UnrEngProjects/PlatformGameUdemy/Content/StarterContent/Textures/T_Smoke_SubUV.ubulk" 537
"G:/UnrEngProjects/PlatformGameUdemy/Content/StarterContent/Particles/Materials/M_smoke_subUV.uasset" 538
"G:/UnrEngProjects/PlatformGameUdemy/Content/StarterContent/Particles/Materials/M_smoke_subUV.uexp" 539
"G:/UnrEngProjects/PlatformGameUdemy/Content/StarterContent/Particles/P_Sparks.uasset" 540
"G:/UnrEngProjects/PlatformGameUdemy/Content/StarterContent/Particles/P_Sparks.uexp" 541
"../../../Engine/Content/EngineSky/T_Sky_Stars.uasset" 542
"../../../Engine/Content/EngineSky/T_Sky_Stars.uexp" 543
"../../../Engine/Content/EngineSky/T_Sky_Stars.ubulk" 544
"../../../Engine/Content/EngineSky/T_Sky_Clouds_M.uasset" 545
"../../../Engine/Content/EngineSky/T_Sky_Clouds_M.uexp" 546
"../../../Engine/Content/EngineSky/T_Sky_Clouds_M.ubulk" 547
"../../../Engine/Content/EngineSky/T_Sky_Blue.uasset" 548
"../../../Engine/Content/EngineSky/T_Sky_Blue.uexp" 549
"../../../Engine/Content/EngineSky/T_Sky_Blue.ubulk" 550
"../../../Engine/Content/EngineSky/M_Sky_Panning_Clouds2.uasset" 551
"../../../Engine/Content/EngineSky/M_Sky_Panning_Clouds2.uexp" 552
"G:/UnrEngProjects/PlatformGameUdemy/Content/StarterContent/Audio/Starter_Wind06.uasset" 553
"G:/UnrEngProjects/PlatformGameUdemy/Content/StarterContent/Audio/Starter_Wind06.uexp" 554
"G:/UnrEngProjects/PlatformGameUdemy/Content/StarterContent/Audio/Starter_Wind05.uasset" 555
"G:/UnrEngProjects/PlatformGameUdemy/Content/StarterContent/Audio/Starter_Wind05.uexp" 556
"G:/UnrEngProjects/PlatformGameUdemy/Content/StarterContent/Audio/Starter_Birds01.uasset" 557
"G:/UnrEngProjects/PlatformGameUdemy/Content/StarterContent/Audio/Starter_Birds01.uexp" 558
"G:/UnrEngProjects/PlatformGameUdemy/Content/StarterContent/Audio/Starter_Background_Cue.uasset" 559
"G:/UnrEngProjects/PlatformGameUdemy/Content/StarterContent/Audio/Starter_Background_Cue.uexp" 560
"../../../Engine/Content/EngineSky/SM_SkySphere.uasset" 561
"../../../Engine/Content/EngineSky/SM_SkySphere.uexp" 562
"../../../Engine/Content/EngineSky/C_Sky_Zenith_Color.uasset" 563
"../../../Engine/Content/EngineSky/C_Sky_Zenith_Color.uexp" 564
"../../../Engine/Content/EngineSky/C_Sky_Horizon_Color.uasset" 565
"../../../Engine/Content/EngineSky/C_Sky_Horizon_Color.uexp" 566
"../../../Engine/Content/EngineSky/C_Sky_Cloud_Color.uasset" 567
"../../../Engine/Content/EngineSky/C_Sky_Cloud_Color.uexp" 568
"../../../Engine/Content/EditorBlueprintResources/StandardMacros.uasset" 569
"../../../Engine/Content/EditorBlueprintResources/StandardMacros.uexp" 570
"../../../Engine/Content/EngineSky/BP_Sky_Sphere.uasset" 571
"../../../Engine/Content/EngineSky/BP_Sky_Sphere.uexp" 572
"G:/UnrEngProjects/PlatformGameUdemy/Content/PlatformGameUdemy/Art/Traps/ElectricAxe/M_EletricAxeWood.uasset" 573
"G:/UnrEngProjects/PlatformGameUdemy/Content/PlatformGameUdemy/Art/Traps/ElectricAxe/M_EletricAxeWood.uexp" 574
"G:/UnrEngProjects/PlatformGameUdemy/Content/PlatformGameUdemy/Art/Traps/ElectricAxe/M_EletricAxeTrim.uasset" 575
"G:/UnrEngProjects/PlatformGameUdemy/Content/PlatformGameUdemy/Art/Traps/ElectricAxe/M_EletricAxeTrim.uexp" 576
"G:/UnrEngProjects/PlatformGameUdemy/Content/PlatformGameUdemy/Art/Traps/ElectricAxe/M_EletricAxeBlade.uasset" 577
"G:/UnrEngProjects/PlatformGameUdemy/Content/PlatformGameUdemy/Art/Traps/ElectricAxe/M_EletricAxeBlade.uexp" 578
"G:/UnrEngProjects/PlatformGameUdemy/Content/PlatformGameUdemy/Art/Traps/ElectricAxe/SM_EletricAxe.uasset" 579
"G:/UnrEngProjects/PlatformGameUdemy/Content/PlatformGameUdemy/Art/Traps/ElectricAxe/SM_EletricAxe.uexp" 580
"G:/UnrEngProjects/PlatformGameUdemy/Content/PlatformGameUdemy/Core/Utility/BPML_Utility.uasset" 581
"G:/UnrEngProjects/PlatformGameUdemy/Content/PlatformGameUdemy/Core/Utility/BPML_Utility.uexp" 582
"G:/UnrEngProjects/PlatformGameUdemy/Content/PlatformGameUdemy/Dev/Interactables/Traps/GiantAxeTrap.uasset" 583
"G:/UnrEngProjects/PlatformGameUdemy/Content/PlatformGameUdemy/Dev/Interactables/Traps/GiantAxeTrap.uexp" 584
"G:/UnrEngProjects/PlatformGameUdemy/Content/PlatformGameUdemy/Core/Interactables/Traps/BP_BaseTrap.uasset" 585
"G:/UnrEngProjects/PlatformGameUdemy/Content/PlatformGameUdemy/Core/Interactables/Traps/BP_BaseTrap.uexp" 586
"G:/UnrEngProjects/PlatformGameUdemy/Content/PlatformGameUdemy/Core/Interactables/Traps/BP_BT_TimeTrap.uasset" 587
"G:/UnrEngProjects/PlatformGameUdemy/Content/PlatformGameUdemy/Core/Interactables/Traps/BP_BT_TimeTrap.uexp" 588
"G:/UnrEngProjects/PlatformGameUdemy/Content/PlatformGameUdemy/Core/Interactables/Traps/BP_BT_TT_GiantAxe.uasset" 589
"G:/UnrEngProjects/PlatformGameUdemy/Content/PlatformGameUdemy/Core/Interactables/Traps/BP_BT_TT_GiantAxe.uexp" 590
"G:/UnrEngProjects/PlatformGameUdemy/Content/PlatformGameUdemy/Interactables/Collectables/Traps/BP_BT_TT_GA_ElectricAxe.uasset" 591
"G:/UnrEngProjects/PlatformGameUdemy/Content/PlatformGameUdemy/Interactables/Collectables/Traps/BP_BT_TT_GA_ElectricAxe.uexp" 592
"G:/UnrEngProjects/PlatformGameUdemy/Content/PlatformGameUdemy/Art/Target/T_Microphone.uasset" 593
"G:/UnrEngProjects/PlatformGameUdemy/Content/PlatformGameUdemy/Art/Target/T_Microphone.uexp" 594
"G:/UnrEngProjects/PlatformGameUdemy/Content/PlatformGameUdemy/Art/Target/T_Microphone.ubulk" 595
"G:/UnrEngProjects/PlatformGameUdemy/Content/PlatformGameUdemy/Art/Target/M_Microphone.uasset" 596
"G:/UnrEngProjects/PlatformGameUdemy/Content/PlatformGameUdemy/Art/Target/M_Microphone.uexp" 597
"G:/UnrEngProjects/PlatformGameUdemy/Content/PlatformGameUdemy/Art/Target/SM_Microphone.uasset" 598
"G:/UnrEngProjects/PlatformGameUdemy/Content/PlatformGameUdemy/Art/Target/SM_Microphone.uexp" 599
"G:/UnrEngProjects/PlatformGameUdemy/Content/PlatformGameUdemy/Dev/Interactables/Collectables/M_BaseCollectable.uasset" 600
"G:/UnrEngProjects/PlatformGameUdemy/Content/PlatformGameUdemy/Dev/Interactables/Collectables/M_BaseCollectable.uexp" 601
"G:/UnrEngProjects/PlatformGameUdemy/Content/PlatformGameUdemy/Dev/Interactables/Collectables/SM_BaseCollectable.uasset" 602
"G:/UnrEngProjects/PlatformGameUdemy/Content/PlatformGameUdemy/Dev/Interactables/Collectables/SM_BaseCollectable.uexp" 603
"G:/UnrEngProjects/PlatformGameUdemy/Content/PlatformGameUdemy/Core/Interactables/Collectables/ECollectableType.uasset" 604
"G:/UnrEngProjects/PlatformGameUdemy/Content/PlatformGameUdemy/Core/Interactables/Collectables/ECollectableType.uexp" 605
"G:/UnrEngProjects/PlatformGameUdemy/Content/PlatformGameUdemy/Art/Player/BigVegas/Meshes/SK_BigVegas_rooted_Physics.uasset" 606
"G:/UnrEngProjects/PlatformGameUdemy/Content/PlatformGameUdemy/Art/Player/BigVegas/Meshes/SK_BigVegas_rooted_Physics.uexp" 607
"G:/UnrEngProjects/PlatformGameUdemy/Content/PlatformGameUdemy/Art/Player/BigVegas/Materials/T_BigVegasFace_D.uasset" 608
"G:/UnrEngProjects/PlatformGameUdemy/Content/PlatformGameUdemy/Art/Player/BigVegas/Materials/T_BigVegasFace_D.uexp" 609
"G:/UnrEngProjects/PlatformGameUdemy/Content/PlatformGameUdemy/Art/Player/BigVegas/Materials/T_BigVegasFace_D.ubulk" 610
"G:/UnrEngProjects/PlatformGameUdemy/Content/PlatformGameUdemy/Art/Player/BigVegas/Materials/M_BigVegasFace.uasset" 611
"G:/UnrEngProjects/PlatformGameUdemy/Content/PlatformGameUdemy/Art/Player/BigVegas/Materials/M_BigVegasFace.uexp" 612
"G:/UnrEngProjects/PlatformGameUdemy/Content/PlatformGameUdemy/Art/Player/BigVegas/Materials/T_BigVegas_N.uasset" 613
"G:/UnrEngProjects/PlatformGameUdemy/Content/PlatformGameUdemy/Art/Player/BigVegas/Materials/T_BigVegas_N.uexp" 614
"G:/UnrEngProjects/PlatformGameUdemy/Content/PlatformGameUdemy/Art/Player/BigVegas/Materials/T_BigVegas_N.ubulk" 615
"G:/UnrEngProjects/PlatformGameUdemy/Content/PlatformGameUdemy/Art/Player/BigVegas/Materials/T_BigVegas_D.uasset" 616
"G:/UnrEngProjects/PlatformGameUdemy/Content/PlatformGameUdemy/Art/Player/BigVegas/Materials/T_BigVegas_D.uexp" 617
"G:/UnrEngProjects/PlatformGameUdemy/Content/PlatformGameUdemy/Art/Player/BigVegas/Materials/T_BigVegas_D.ubulk" 618
"G:/UnrEngProjects/PlatformGameUdemy/Content/PlatformGameUdemy/Art/Player/BigVegas/Materials/M_BigVegasBody.uasset" 619
"G:/UnrEngProjects/PlatformGameUdemy/Content/PlatformGameUdemy/Art/Player/BigVegas/Materials/M_BigVegasBody.uexp" 620
"G:/UnrEngProjects/PlatformGameUdemy/Content/PlatformGameUdemy/Art/Player/BigVegas/Meshes/SK_BigVegas_rooted_Skeleton.uasset" 621
"G:/UnrEngProjects/PlatformGameUdemy/Content/PlatformGameUdemy/Art/Player/BigVegas/Meshes/SK_BigVegas_rooted_Skeleton.uexp" 622
"G:/UnrEngProjects/PlatformGameUdemy/Content/PlatformGameUdemy/Art/Player/BigVegas/Meshes/SK_BigVegas_rooted.uasset" 623
"G:/UnrEngProjects/PlatformGameUdemy/Content/PlatformGameUdemy/Art/Player/BigVegas/Meshes/SK_BigVegas_rooted.uexp" 624
"G:/UnrEngProjects/PlatformGameUdemy/Content/ThirdPersonTemplateContent/Mannequin/Character/Mesh/UE4_Mannequin_Skeleton.uasset" 625
"G:/UnrEngProjects/PlatformGameUdemy/Content/ThirdPersonTemplateContent/Mannequin/Character/Mesh/UE4_Mannequin_Skeleton.uexp" 626
"../../../Engine/Content/Animation/DefaultAnimCurveCompressionSettings.uasset" 627
"../../../Engine/Content/Animation/DefaultAnimCurveCompressionSettings.uexp" 628
"../../../Engine/Content/Animation/DefaultAnimBoneCompressionSettings.uasset" 629
"../../../Engine/Content/Animation/DefaultAnimBoneCompressionSettings.uexp" 630
"G:/UnrEngProjects/PlatformGameUdemy/Content/ThirdPersonTemplateContent/Mannequin/Animations/ThirdPersonWalk.uasset" 631
"G:/UnrEngProjects/PlatformGameUdemy/Content/ThirdPersonTemplateContent/Mannequin/Animations/ThirdPersonWalk.uexp" 632
"G:/UnrEngProjects/PlatformGameUdemy/Content/ThirdPersonTemplateContent/Mannequin/Animations/ThirdPersonRun.uasset" 633
"G:/UnrEngProjects/PlatformGameUdemy/Content/ThirdPersonTemplateContent/Mannequin/Animations/ThirdPersonRun.uexp" 634
"G:/UnrEngProjects/PlatformGameUdemy/Content/ThirdPersonTemplateContent/Mannequin/Animations/ThirdPersonIdle.uasset" 635
"G:/UnrEngProjects/PlatformGameUdemy/Content/ThirdPersonTemplateContent/Mannequin/Animations/ThirdPersonIdle.uexp" 636
"G:/UnrEngProjects/PlatformGameUdemy/Content/ThirdPersonTemplateContent/Mannequin/Animations/ThirdPerson_IdleRun_2D.uasset" 637
"G:/UnrEngProjects/PlatformGameUdemy/Content/ThirdPersonTemplateContent/Mannequin/Animations/ThirdPerson_IdleRun_2D.uexp" 638
"G:/UnrEngProjects/PlatformGameUdemy/Content/ThirdPersonTemplateContent/Mannequin/Animations/ThirdPerson_Jump.uasset" 639
"G:/UnrEngProjects/PlatformGameUdemy/Content/ThirdPersonTemplateContent/Mannequin/Animations/ThirdPerson_Jump.uexp" 640
"G:/UnrEngProjects/PlatformGameUdemy/Content/ThirdPersonTemplateContent/Mannequin/Animations/ThirdPersonJump_Start.uasset" 641
"G:/UnrEngProjects/PlatformGameUdemy/Content/ThirdPersonTemplateContent/Mannequin/Animations/ThirdPersonJump_Start.uexp" 642
"G:/UnrEngProjects/PlatformGameUdemy/Content/ThirdPersonTemplateContent/Mannequin/Animations/ThirdPersonJump_Loop.uasset" 643
"G:/UnrEngProjects/PlatformGameUdemy/Content/ThirdPersonTemplateContent/Mannequin/Animations/ThirdPersonJump_Loop.uexp" 644
"G:/UnrEngProjects/PlatformGameUdemy/Content/ThirdPersonTemplateContent/Mannequin/Animations/ThirdPerson_AnimBP.uasset" 645
"G:/UnrEngProjects/PlatformGameUdemy/Content/ThirdPersonTemplateContent/Mannequin/Animations/ThirdPerson_AnimBP.uexp" 646
"G:/UnrEngProjects/PlatformGameUdemy/Content/ThirdPersonTemplateContent/Mannequin/Character/Materials/MaterialLayers/T_ML_Rubber_Blue_01_D.uasset" 647
"G:/UnrEngProjects/PlatformGameUdemy/Content/ThirdPersonTemplateContent/Mannequin/Character/Materials/MaterialLayers/T_ML_Rubber_Blue_01_D.uexp" 648
"G:/UnrEngProjects/PlatformGameUdemy/Content/ThirdPersonTemplateContent/Mannequin/Character/Materials/MaterialLayers/T_ML_Rubber_Blue_01_D.ubulk" 649
"G:/UnrEngProjects/PlatformGameUdemy/Content/ThirdPersonTemplateContent/Mannequin/Character/Materials/MaterialLayers/T_ML_Aluminum01_N.uasset" 650
"G:/UnrEngProjects/PlatformGameUdemy/Content/ThirdPersonTemplateContent/Mannequin/Character/Materials/MaterialLayers/T_ML_Aluminum01_N.uexp" 651
"G:/UnrEngProjects/PlatformGameUdemy/Content/ThirdPersonTemplateContent/Mannequin/Character/Materials/MaterialLayers/T_ML_Aluminum01_N.ubulk" 652
"G:/UnrEngProjects/PlatformGameUdemy/Content/ThirdPersonTemplateContent/Mannequin/Character/Materials/MaterialLayers/T_ML_Aluminum01.uasset" 653
"G:/UnrEngProjects/PlatformGameUdemy/Content/ThirdPersonTemplateContent/Mannequin/Character/Materials/MaterialLayers/T_ML_Aluminum01.uexp" 654
"G:/UnrEngProjects/PlatformGameUdemy/Content/ThirdPersonTemplateContent/Mannequin/Character/Materials/MaterialLayers/T_ML_Aluminum01.ubulk" 655
"G:/UnrEngProjects/PlatformGameUdemy/Content/ThirdPersonTemplateContent/Mannequin/Character/Materials/MaterialLayers/ML_SoftMetal_UE4.uasset" 656
"G:/UnrEngProjects/PlatformGameUdemy/Content/ThirdPersonTemplateContent/Mannequin/Character/Materials/MaterialLayers/ML_SoftMetal_UE4.uexp" 657
"G:/UnrEngProjects/PlatformGameUdemy/Content/ThirdPersonTemplateContent/Mannequin/Character/Textures/T_UE4Logo_Mask.uasset" 658
"G:/UnrEngProjects/PlatformGameUdemy/Content/ThirdPersonTemplateContent/Mannequin/Character/Textures/T_UE4Logo_Mask.uexp" 659
"G:/UnrEngProjects/PlatformGameUdemy/Content/ThirdPersonTemplateContent/Mannequin/Character/Textures/T_UE4Logo_Mask.ubulk" 660
"G:/UnrEngProjects/PlatformGameUdemy/Content/ThirdPersonTemplateContent/Mannequin/Character/Materials/MaterialLayers/ML_Plastic_Shiny_Beige_LOGO.uasset" 661
"G:/UnrEngProjects/PlatformGameUdemy/Content/ThirdPersonTemplateContent/Mannequin/Character/Materials/MaterialLayers/ML_Plastic_Shiny_Beige_LOGO.uexp" 662
"G:/UnrEngProjects/PlatformGameUdemy/Content/ThirdPersonTemplateContent/Mannequin/Character/Materials/MaterialLayers/ML_Plastic_Shiny_Beige.uasset" 663
"G:/UnrEngProjects/PlatformGameUdemy/Content/ThirdPersonTemplateContent/Mannequin/Character/Materials/MaterialLayers/ML_Plastic_Shiny_Beige.uexp" 664
"G:/UnrEngProjects/PlatformGameUdemy/Content/ThirdPersonTemplateContent/Mannequin/Character/Materials/MaterialLayers/T_ML_Rubber_Blue_01_N.uasset" 665
"G:/UnrEngProjects/PlatformGameUdemy/Content/ThirdPersonTemplateContent/Mannequin/Character/Materials/MaterialLayers/T_ML_Rubber_Blue_01_N.uexp" 666
"G:/UnrEngProjects/PlatformGameUdemy/Content/ThirdPersonTemplateContent/Mannequin/Character/Materials/MaterialLayers/T_ML_Rubber_Blue_01_N.ubulk" 667
"G:/UnrEngProjects/PlatformGameUdemy/Content/ThirdPersonTemplateContent/Mannequin/Character/Materials/MaterialLayers/ML_GlossyBlack_Latex_UE4.uasset" 668
"G:/UnrEngProjects/PlatformGameUdemy/Content/ThirdPersonTemplateContent/Mannequin/Character/Materials/MaterialLayers/ML_GlossyBlack_Latex_UE4.uexp" 669
"../../../Engine/Content/Functions/MaterialLayerFunctions/MatLayerBlend_Simple.uasset" 670
"../../../Engine/Content/Functions/MaterialLayerFunctions/MatLayerBlend_Simple.uexp" 671
"../../../Engine/Content/Functions/Engine_MaterialFunctions02/Utility/BlendAngleCorrectedNormals.uasset" 672
"../../../Engine/Content/Functions/Engine_MaterialFunctions02/Utility/BlendAngleCorrectedNormals.uexp" 673
"../../../Engine/Content/Functions/MaterialLayerFunctions/MatLayerBlend_NormalBlend.uasset" 674
"../../../Engine/Content/Functions/MaterialLayerFunctions/MatLayerBlend_NormalBlend.uexp" 675
"G:/UnrEngProjects/PlatformGameUdemy/Content/ThirdPersonTemplateContent/Mannequin/Character/Textures/T_Male_N.uasset" 676
"G:/UnrEngProjects/PlatformGameUdemy/Content/ThirdPersonTemplateContent/Mannequin/Character/Textures/T_Male_N.uexp" 677
"G:/UnrEngProjects/PlatformGameUdemy/Content/ThirdPersonTemplateContent/Mannequin/Character/Textures/T_Male_N.ubulk" 678
"G:/UnrEngProjects/PlatformGameUdemy/Content/ThirdPersonTemplateContent/Mannequin/Character/Textures/T_Male_Mask.uasset" 679
"G:/UnrEngProjects/PlatformGameUdemy/Content/ThirdPersonTemplateContent/Mannequin/Character/Textures/T_Male_Mask.uexp" 680
"G:/UnrEngProjects/PlatformGameUdemy/Content/ThirdPersonTemplateContent/Mannequin/Character/Textures/T_Male_Mask.ubulk" 681
"G:/UnrEngProjects/PlatformGameUdemy/Content/ThirdPersonTemplateContent/Mannequin/Character/Materials/M_Male_Body.uasset" 682
"G:/UnrEngProjects/PlatformGameUdemy/Content/ThirdPersonTemplateContent/Mannequin/Character/Materials/M_Male_Body.uexp" 683
"G:/UnrEngProjects/PlatformGameUdemy/Content/ThirdPersonTemplateContent/Mannequin/Character/Mesh/SK_Mannequin_PhysicsAsset.uasset" 684
"G:/UnrEngProjects/PlatformGameUdemy/Content/ThirdPersonTemplateContent/Mannequin/Character/Mesh/SK_Mannequin_PhysicsAsset.uexp" 685
"G:/UnrEngProjects/PlatformGameUdemy/Content/ThirdPersonTemplateContent/Mannequin/Character/Textures/T_UE4Logo_N.uasset" 686
"G:/UnrEngProjects/PlatformGameUdemy/Content/ThirdPersonTemplateContent/Mannequin/Character/Textures/T_UE4Logo_N.uexp" 687
"G:/UnrEngProjects/PlatformGameUdemy/Content/ThirdPersonTemplateContent/Mannequin/Character/Textures/T_UE4Logo_N.ubulk" 688
"G:/UnrEngProjects/PlatformGameUdemy/Content/ThirdPersonTemplateContent/Mannequin/Character/Materials/M_UE4Man_ChestLogo.uasset" 689
"G:/UnrEngProjects/PlatformGameUdemy/Content/ThirdPersonTemplateContent/Mannequin/Character/Materials/M_UE4Man_ChestLogo.uexp" 690
"G:/UnrEngProjects/PlatformGameUdemy/Content/ThirdPersonTemplateContent/Mannequin/Character/Mesh/SK_Mannequin.uasset" 691
"G:/UnrEngProjects/PlatformGameUdemy/Content/ThirdPersonTemplateContent/Mannequin/Character/Mesh/SK_Mannequin.uexp" 692
"G:/UnrEngProjects/PlatformGameUdemy/Content/PlatformGameUdemy/Core/Interactables/Common/Bp_Interactables.uasset" 693
"G:/UnrEngProjects/PlatformGameUdemy/Content/PlatformGameUdemy/Core/Interactables/Common/Bp_Interactables.uexp" 694
"G:/UnrEngProjects/PlatformGameUdemy/Content/PlatformGameUdemy/Core/Characters/Player/ECharacterState.uasset" 695
"G:/UnrEngProjects/PlatformGameUdemy/Content/PlatformGameUdemy/Core/Characters/Player/ECharacterState.uexp" 696
"G:/UnrEngProjects/PlatformGameUdemy/Content/ThirdPersonTemplateContent/Geometry/Meshes/CubeMaterial.uasset" 697
"G:/UnrEngProjects/PlatformGameUdemy/Content/ThirdPersonTemplateContent/Geometry/Meshes/CubeMaterial.uexp" 698
"G:/UnrEngProjects/PlatformGameUdemy/Content/ThirdPersonTemplateContent/Geometry/Meshes/1M_Cube.uasset" 699
"G:/UnrEngProjects/PlatformGameUdemy/Content/ThirdPersonTemplateContent/Geometry/Meshes/1M_Cube.uexp" 700
"G:/UnrEngProjects/PlatformGameUdemy/Content/PlatformGameUdemy/Core/Characters/Player/M_ProtectionMarker.uasset" 701
"G:/UnrEngProjects/PlatformGameUdemy/Content/PlatformGameUdemy/Core/Characters/Player/M_ProtectionMarker.uexp" 702
"G:/UnrEngProjects/PlatformGameUdemy/Content/PlatformGameUdemy/Core/Characters/Player/BP_PlatfromPlayerController.uasset" 703
"G:/UnrEngProjects/PlatformGameUdemy/Content/PlatformGameUdemy/Core/Characters/Player/BP_PlatfromPlayerController.uexp" 704
"G:/UnrEngProjects/PlatformGameUdemy/Content/PlatformGameUdemy/Core/Characters/Player/BP_BasePlayer.uasset" 705
"G:/UnrEngProjects/PlatformGameUdemy/Content/PlatformGameUdemy/Core/Characters/Player/BP_BasePlayer.uexp" 706
"G:/UnrEngProjects/PlatformGameUdemy/Content/PlatformGameUdemy/Art/Player/BigVegas/Animations/A_RunningInPlace_rooted.uasset" 707
"G:/UnrEngProjects/PlatformGameUdemy/Content/PlatformGameUdemy/Art/Player/BigVegas/Animations/A_RunningInPlace_rooted.uexp" 708
"G:/UnrEngProjects/PlatformGameUdemy/Content/PlatformGameUdemy/Art/Player/BigVegas/Animations/A_Idle_rooted.uasset" 709
"G:/UnrEngProjects/PlatformGameUdemy/Content/PlatformGameUdemy/Art/Player/BigVegas/Animations/A_Idle_rooted.uexp" 710
"G:/UnrEngProjects/PlatformGameUdemy/Content/PlatformGameUdemy/Art/Player/BigVegas/Meshes/BS_WalkRun.uasset" 711
"G:/UnrEngProjects/PlatformGameUdemy/Content/PlatformGameUdemy/Art/Player/BigVegas/Meshes/BS_WalkRun.uexp" 712
"G:/UnrEngProjects/PlatformGameUdemy/Content/PlatformGameUdemy/Art/Player/BigVegas/Animations/A_JumpStart_rooted.uasset" 713
"G:/UnrEngProjects/PlatformGameUdemy/Content/PlatformGameUdemy/Art/Player/BigVegas/Animations/A_JumpStart_rooted.uexp" 714
"G:/UnrEngProjects/PlatformGameUdemy/Content/PlatformGameUdemy/Art/Player/BigVegas/Animations/A_JumpLoop_rooted.uasset" 715
"G:/UnrEngProjects/PlatformGameUdemy/Content/PlatformGameUdemy/Art/Player/BigVegas/Animations/A_JumpLoop_rooted.uexp" 716
"G:/UnrEngProjects/PlatformGameUdemy/Content/PlatformGameUdemy/Art/Player/BigVegas/Animations/A_JumpEnd_rooted.uasset" 717
"G:/UnrEngProjects/PlatformGameUdemy/Content/PlatformGameUdemy/Art/Player/BigVegas/Animations/A_JumpEnd_rooted.uexp" 718
"G:/UnrEngProjects/PlatformGameUdemy/Content/PlatformGameUdemy/Art/Player/BigVegas/Animations/A_SpinInPlaceShort_rooted.uasset" 719
"G:/UnrEngProjects/PlatformGameUdemy/Content/PlatformGameUdemy/Art/Player/BigVegas/Animations/A_SpinInPlaceShort_rooted.uexp" 720
"G:/UnrEngProjects/PlatformGameUdemy/Content/PlatformGameUdemy/Art/Player/BigVegas/Animations/AM_SpinInPlaceShort_Rooted.uasset" 721
"G:/UnrEngProjects/PlatformGameUdemy/Content/PlatformGameUdemy/Art/Player/BigVegas/Animations/AM_SpinInPlaceShort_Rooted.uexp" 722
"G:/UnrEngProjects/PlatformGameUdemy/Content/PlatformGameUdemy/Art/Player/BigVegas/Animations/ABP_BigVegas.uasset" 723
"G:/UnrEngProjects/PlatformGameUdemy/Content/PlatformGameUdemy/Art/Player/BigVegas/Animations/ABP_BigVegas.uexp" 724
"G:/UnrEngProjects/PlatformGameUdemy/Content/PlatformGameUdemy/Characters/Player/BP_BP_BigVegas.uasset" 725
"G:/UnrEngProjects/PlatformGameUdemy/Content/PlatformGameUdemy/Characters/Player/BP_BP_BigVegas.uexp" 726
"G:/UnrEngProjects/PlatformGameUdemy/Content/PlatformGameUdemy/Core/UI/WBP_PlayerStatistics.uasset" 727
"G:/UnrEngProjects/PlatformGameUdemy/Content/PlatformGameUdemy/Core/UI/WBP_PlayerStatistics.uexp" 728
"G:/UnrEngProjects/PlatformGameUdemy/Content/PlatformGameUdemy/Core/GameFramework/BP_PlatformGameUdemySaveGame_Settings.uasset" 729
"G:/UnrEngProjects/PlatformGameUdemy/Content/PlatformGameUdemy/Core/GameFramework/BP_PlatformGameUdemySaveGame_Settings.uexp" 730
"G:/UnrEngProjects/PlatformGameUdemy/Content/PlatformGameUdemy/Core/GameFramework/GI_PlatformGameInstance.uasset" 731
"G:/UnrEngProjects/PlatformGameUdemy/Content/PlatformGameUdemy/Core/GameFramework/GI_PlatformGameInstance.uexp" 732
"G:/UnrEngProjects/PlatformGameUdemy/Content/PlatformGameUdemy/Core/UI/WBP_GameOverScreen.uasset" 733
"G:/UnrEngProjects/PlatformGameUdemy/Content/PlatformGameUdemy/Core/UI/WBP_GameOverScreen.uexp" 734
"G:/UnrEngProjects/PlatformGameUdemy/Content/PlatformGameUdemy/Core/GameFramework/LS_DeathFade.uasset" 735
"G:/UnrEngProjects/PlatformGameUdemy/Content/PlatformGameUdemy/Core/GameFramework/LS_DeathFade.uexp" 736
"G:/UnrEngProjects/PlatformGameUdemy/Content/PlatformGameUdemy/Core/GameFramework/BP_PlatformGameMode.uasset" 737
"G:/UnrEngProjects/PlatformGameUdemy/Content/PlatformGameUdemy/Core/GameFramework/BP_PlatformGameMode.uexp" 738
"G:/UnrEngProjects/PlatformGameUdemy/Content/PlatformGameUdemy/Core/Interactables/Collectables/BP_BaseCollectable.uasset" 739
"G:/UnrEngProjects/PlatformGameUdemy/Content/PlatformGameUdemy/Core/Interactables/Collectables/BP_BaseCollectable.uexp" 740
"G:/UnrEngProjects/PlatformGameUdemy/Content/PlatformGameUdemy/Core/Interactables/Collectables/BP_BC_Target.uasset" 741
"G:/UnrEngProjects/PlatformGameUdemy/Content/PlatformGameUdemy/Core/Interactables/Collectables/BP_BC_Target.uexp" 742
"G:/UnrEngProjects/PlatformGameUdemy/Content/PlatformGameUdemy/Interactables/Collectables/Target/BP_BC_T_Microphone.uasset" 743
"G:/UnrEngProjects/PlatformGameUdemy/Content/PlatformGameUdemy/Interactables/Collectables/Target/BP_BC_T_Microphone.uexp" 744
"G:/UnrEngProjects/PlatformGameUdemy/Content/PlatformGameUdemy/Core/Interactables/Common/EHitSide.uasset" 745
"G:/UnrEngProjects/PlatformGameUdemy/Content/PlatformGameUdemy/Core/Interactables/Common/EHitSide.uexp" 746
"G:/UnrEngProjects/PlatformGameUdemy/Content/PlatformGameUdemy/Core/Utility/BP_FL_Utility.uasset" 747
"G:/UnrEngProjects/PlatformGameUdemy/Content/PlatformGameUdemy/Core/Utility/BP_FL_Utility.uexp" 748
"G:/UnrEngProjects/PlatformGameUdemy/Content/PlatformGameUdemy/Core/Interactables/Warps/BP_BaseWarp.uasset" 749
"G:/UnrEngProjects/PlatformGameUdemy/Content/PlatformGameUdemy/Core/Interactables/Warps/BP_BaseWarp.uexp" 750
"G:/UnrEngProjects/PlatformGameUdemy/Content/PlatformGameUdemy/Dev/Interactables/Traps/M_PlatformTrap.uasset" 751
"G:/UnrEngProjects/PlatformGameUdemy/Content/PlatformGameUdemy/Dev/Interactables/Traps/M_PlatformTrap.uexp" 752
"G:/UnrEngProjects/PlatformGameUdemy/Content/PlatformGameUdemy/Dev/Interactables/Traps/SM_Platform_Trap.uasset" 753
"G:/UnrEngProjects/PlatformGameUdemy/Content/PlatformGameUdemy/Dev/Interactables/Traps/SM_Platform_Trap.uexp" 754
"G:/UnrEngProjects/PlatformGameUdemy/Content/PlatformGameUdemy/Core/Interactables/Warps/BP_BW_WinWarp.uasset" 755
"G:/UnrEngProjects/PlatformGameUdemy/Content/PlatformGameUdemy/Core/Interactables/Warps/BP_BW_WinWarp.uexp" 756
"G:/UnrEngProjects/PlatformGameUdemy/Content/PlatformGameUdemy/Core/Interactables/Boxes/EBoxType.uasset" 757
"G:/UnrEngProjects/PlatformGameUdemy/Content/PlatformGameUdemy/Core/Interactables/Boxes/EBoxType.uexp" 758
"G:/UnrEngProjects/PlatformGameUdemy/Content/PlatformGameUdemy/Core/Interactables/Collectables/BP_BC_Point.uasset" 759
"G:/UnrEngProjects/PlatformGameUdemy/Content/PlatformGameUdemy/Core/Interactables/Collectables/BP_BC_Point.uexp" 760
"G:/UnrEngProjects/PlatformGameUdemy/Content/PlatformGameUdemy/Art/Collectables/Point/T_ChocoDonut_D.uasset" 761
"G:/UnrEngProjects/PlatformGameUdemy/Content/PlatformGameUdemy/Art/Collectables/Point/T_ChocoDonut_D.uexp" 762
"G:/UnrEngProjects/PlatformGameUdemy/Content/PlatformGameUdemy/Art/Collectables/Point/T_ChocoDonut_D.ubulk" 763
"G:/UnrEngProjects/PlatformGameUdemy/Content/PlatformGameUdemy/Art/Collectables/Point/Texture_Variations/T_Donut_A.uasset" 764
"G:/UnrEngProjects/PlatformGameUdemy/Content/PlatformGameUdemy/Art/Collectables/Point/Texture_Variations/T_Donut_A.uexp" 765
"G:/UnrEngProjects/PlatformGameUdemy/Content/PlatformGameUdemy/Art/Collectables/Point/Texture_Variations/T_Donut_A.ubulk" 766
"G:/UnrEngProjects/PlatformGameUdemy/Content/PlatformGameUdemy/Art/Collectables/Point/Texture_Variations/T_Donut_M.uasset" 767
"G:/UnrEngProjects/PlatformGameUdemy/Content/PlatformGameUdemy/Art/Collectables/Point/Texture_Variations/T_Donut_M.uexp" 768
"G:/UnrEngProjects/PlatformGameUdemy/Content/PlatformGameUdemy/Art/Collectables/Point/Texture_Variations/T_Donut_M.ubulk" 769
"G:/UnrEngProjects/PlatformGameUdemy/Content/PlatformGameUdemy/Art/Collectables/Point/Texture_Variations/T_Donut_S.uasset" 770
"G:/UnrEngProjects/PlatformGameUdemy/Content/PlatformGameUdemy/Art/Collectables/Point/Texture_Variations/T_Donut_S.uexp" 771
"G:/UnrEngProjects/PlatformGameUdemy/Content/PlatformGameUdemy/Art/Collectables/Point/Texture_Variations/T_Donut_S.ubulk" 772
"G:/UnrEngProjects/PlatformGameUdemy/Content/PlatformGameUdemy/Art/Collectables/Point/M_ChocoDonut.uasset" 773
"G:/UnrEngProjects/PlatformGameUdemy/Content/PlatformGameUdemy/Art/Collectables/Point/M_ChocoDonut.uexp" 774
"G:/UnrEngProjects/PlatformGameUdemy/Content/PlatformGameUdemy/Art/Collectables/Point/SM_Donut.uasset" 775
"G:/UnrEngProjects/PlatformGameUdemy/Content/PlatformGameUdemy/Art/Collectables/Point/SM_Donut.uexp" 776
"G:/UnrEngProjects/PlatformGameUdemy/Content/PlatformGameUdemy/Art/Collectables/Point/Texture_Variations/T_CaramelDonut_D.uasset" 777
"G:/UnrEngProjects/PlatformGameUdemy/Content/PlatformGameUdemy/Art/Collectables/Point/Texture_Variations/T_CaramelDonut_D.uexp" 778
"G:/UnrEngProjects/PlatformGameUdemy/Content/PlatformGameUdemy/Art/Collectables/Point/Texture_Variations/T_CaramelDonut_D.ubulk" 779
"G:/UnrEngProjects/PlatformGameUdemy/Content/PlatformGameUdemy/Art/Collectables/Point/Texture_Variations/T_RedDonut_D.uasset" 780
"G:/UnrEngProjects/PlatformGameUdemy/Content/PlatformGameUdemy/Art/Collectables/Point/Texture_Variations/T_RedDonut_D.uexp" 781
"G:/UnrEngProjects/PlatformGameUdemy/Content/PlatformGameUdemy/Art/Collectables/Point/Texture_Variations/T_RedDonut_D.ubulk" 782
"G:/UnrEngProjects/PlatformGameUdemy/Content/PlatformGameUdemy/Interactables/Collectables/Points/BP_BC_P_Donut.uasset" 783
"G:/UnrEngProjects/PlatformGameUdemy/Content/PlatformGameUdemy/Interactables/Collectables/Points/BP_BC_P_Donut.uexp" 784
"G:/UnrEngProjects/PlatformGameUdemy/Content/PlatformGameUdemy/Core/Interactables/Collectables/BP_BC_Life.uasset" 785
"G:/UnrEngProjects/PlatformGameUdemy/Content/PlatformGameUdemy/Core/Interactables/Collectables/BP_BC_Life.uexp" 786
"G:/UnrEngProjects/PlatformGameUdemy/Content/PlatformGameUdemy/Core/GameFramework/DamageTypes/BP_ExplosiveDamage.uasset" 787
"G:/UnrEngProjects/PlatformGameUdemy/Content/PlatformGameUdemy/Core/GameFramework/DamageTypes/BP_ExplosiveDamage.uexp" 788
"G:/UnrEngProjects/PlatformGameUdemy/Content/PlatformGameUdemy/Art/Box/T_NormalCorners.uasset" 789
"G:/UnrEngProjects/PlatformGameUdemy/Content/PlatformGameUdemy/Art/Box/T_NormalCorners.uexp" 790
"G:/UnrEngProjects/PlatformGameUdemy/Content/PlatformGameUdemy/Art/Box/T_NormalCorners.ubulk" 791
"G:/UnrEngProjects/PlatformGameUdemy/Content/PlatformGameUdemy/Art/Box/T_DecalLogo.uasset" 792
"G:/UnrEngProjects/PlatformGameUdemy/Content/PlatformGameUdemy/Art/Box/T_DecalLogo.uexp" 793
"G:/UnrEngProjects/PlatformGameUdemy/Content/PlatformGameUdemy/Art/Box/T_DecalLogo.ubulk" 794
"G:/UnrEngProjects/PlatformGameUdemy/Content/PlatformGameUdemy/Art/Box/T_InsideWoodTexture.uasset" 795
"G:/UnrEngProjects/PlatformGameUdemy/Content/PlatformGameUdemy/Art/Box/T_InsideWoodTexture.uexp" 796
"G:/UnrEngProjects/PlatformGameUdemy/Content/PlatformGameUdemy/Art/Box/T_InsideWoodTexture.ubulk" 797
"G:/UnrEngProjects/PlatformGameUdemy/Content/PlatformGameUdemy/Art/Box/M_Box.uasset" 798
"G:/UnrEngProjects/PlatformGameUdemy/Content/PlatformGameUdemy/Art/Box/M_Box.uexp" 799
"G:/UnrEngProjects/PlatformGameUdemy/Content/PlatformGameUdemy/Art/Box/SM_Box.uasset" 800
"G:/UnrEngProjects/PlatformGameUdemy/Content/PlatformGameUdemy/Art/Box/SM_Box.uexp" 801
"G:/UnrEngProjects/PlatformGameUdemy/Content/PlatformGameUdemy/Art/Box/T_ArmoredCorners.uasset" 802
"G:/UnrEngProjects/PlatformGameUdemy/Content/PlatformGameUdemy/Art/Box/T_ArmoredCorners.uexp" 803
"G:/UnrEngProjects/PlatformGameUdemy/Content/PlatformGameUdemy/Art/Box/T_ArmoredCorners.ubulk" 804
"G:/UnrEngProjects/PlatformGameUdemy/Content/PlatformGameUdemy/Art/Box/T_IndestructibleCorners.uasset" 805
"G:/UnrEngProjects/PlatformGameUdemy/Content/PlatformGameUdemy/Art/Box/T_IndestructibleCorners.uexp" 806
"G:/UnrEngProjects/PlatformGameUdemy/Content/PlatformGameUdemy/Art/Box/T_IndestructibleCorners.ubulk" 807
"G:/UnrEngProjects/PlatformGameUdemy/Content/PlatformGameUdemy/Core/Interactables/Boxes/BP_BaseBox.uasset" 808
"G:/UnrEngProjects/PlatformGameUdemy/Content/PlatformGameUdemy/Core/Interactables/Boxes/BP_BaseBox.uexp" 809
"G:/UnrEngProjects/PlatformGameUdemy/Content/PlatformGameUdemy/Core/Interactables/Boxes/BP_BB_MultiJump.uasset" 810
"G:/UnrEngProjects/PlatformGameUdemy/Content/PlatformGameUdemy/Core/Interactables/Boxes/BP_BB_MultiJump.uexp" 811
"G:/UnrEngProjects/PlatformGameUdemy/Content/PlatformGameUdemy/Core/GameFramework/DamageTypes/BP_FallingDamage.uasset" 812
"G:/UnrEngProjects/PlatformGameUdemy/Content/PlatformGameUdemy/Core/GameFramework/DamageTypes/BP_FallingDamage.uexp" 813
"G:/UnrEngProjects/PlatformGameUdemy/Content/PlatformGameUdemy/Core/DynamicEnv/BP_FallingZone.uasset" 814
"G:/UnrEngProjects/PlatformGameUdemy/Content/PlatformGameUdemy/Core/DynamicEnv/BP_FallingZone.uexp" 815
"G:/UnrEngProjects/PlatformGameUdemy/Content/PlatformGameUdemy/Maps/Level02.uexp" 816
"G:/UnrEngProjects/PlatformGameUdemy/Content/PlatformGameUdemy/Maps/Level02.umap" 817
"G:/UnrEngProjects/PlatformGameUdemy/Content/PlatformGameUdemy/Core/UI/WBP_Settings.uasset" 818
"G:/UnrEngProjects/PlatformGameUdemy/Content/PlatformGameUdemy/Core/UI/WBP_Settings.uexp" 819
"G:/UnrEngProjects/PlatformGameUdemy/Content/PlatformGameUdemy/Core/UI/WBP_MainMenu.uasset" 820
"G:/UnrEngProjects/PlatformGameUdemy/Content/PlatformGameUdemy/Core/UI/WBP_MainMenu.uexp" 821
"G:/UnrEngProjects/PlatformGameUdemy/Content/PlatformGameUdemy/Maps/Start.uexp" 822
"G:/UnrEngProjects/PlatformGameUdemy/Content/PlatformGameUdemy/Maps/Start.umap" 823
"G:/UnrEngProjects/PlatformGameUdemy/Content/StarterContent/Materials/M_Basic_Floor.uasset" 824
"G:/UnrEngProjects/PlatformGameUdemy/Content/StarterContent/Materials/M_Basic_Floor.uexp" 825
"G:/UnrEngProjects/PlatformGameUdemy/Content/StarterContent/Architecture/Floor_400x400.uasset" 826
"G:/UnrEngProjects/PlatformGameUdemy/Content/StarterContent/Architecture/Floor_400x400.uexp" 827
"G:/UnrEngProjects/PlatformGameUdemy/Content/PlatformGameUdemy/Maps/TestMap_BuiltData.uasset" 828
"G:/UnrEngProjects/PlatformGameUdemy/Content/PlatformGameUdemy/Maps/TestMap_BuiltData.uexp" 829
"G:/UnrEngProjects/PlatformGameUdemy/Content/PlatformGameUdemy/Maps/TestMap_BuiltData.ubulk" 830
"G:/UnrEngProjects/PlatformGameUdemy/Content/StarterContent/Textures/T_Metal_Copper_D.uasset" 831
"G:/UnrEngProjects/PlatformGameUdemy/Content/StarterContent/Textures/T_Metal_Copper_D.uexp" 832
"G:/UnrEngProjects/PlatformGameUdemy/Content/StarterContent/Textures/T_Metal_Copper_D.ubulk" 833
"G:/UnrEngProjects/PlatformGameUdemy/Content/StarterContent/Textures/T_Metal_Gold_N.uasset" 834
"G:/UnrEngProjects/PlatformGameUdemy/Content/StarterContent/Textures/T_Metal_Gold_N.uexp" 835
"G:/UnrEngProjects/PlatformGameUdemy/Content/StarterContent/Textures/T_Metal_Gold_N.ubulk" 836
"G:/UnrEngProjects/PlatformGameUdemy/Content/StarterContent/Textures/T_MacroVariation.uasset" 837
"G:/UnrEngProjects/PlatformGameUdemy/Content/StarterContent/Textures/T_MacroVariation.uexp" 838
"G:/UnrEngProjects/PlatformGameUdemy/Content/StarterContent/Materials/M_Metal_Copper.uasset" 839
"G:/UnrEngProjects/PlatformGameUdemy/Content/StarterContent/Materials/M_Metal_Copper.uexp" 840
"G:/UnrEngProjects/PlatformGameUdemy/Content/PlatformGameUdemy/Core/Characters/AI/Patrol/GetNextPatrolPoint.uasset" 841
"G:/UnrEngProjects/PlatformGameUdemy/Content/PlatformGameUdemy/Core/Characters/AI/Patrol/GetNextPatrolPoint.uexp" 842
"G:/UnrEngProjects/PlatformGameUdemy/Content/PlatformGameUdemy/Core/Characters/AI/General/BB_BaseEnemy.uasset" 843
"G:/UnrEngProjects/PlatformGameUdemy/Content/PlatformGameUdemy/Core/Characters/AI/General/BB_BaseEnemy.uexp" 844
"G:/UnrEngProjects/PlatformGameUdemy/Content/PlatformGameUdemy/Core/Characters/AI/Patrol/BT_PatrolEnemy.uasset" 845
"G:/UnrEngProjects/PlatformGameUdemy/Content/PlatformGameUdemy/Core/Characters/AI/Patrol/BT_PatrolEnemy.uexp" 846
"G:/UnrEngProjects/PlatformGameUdemy/Content/PlatformGameUdemy/Core/Characters/AI/General/AIC_BaseEnemy.uasset" 847
"G:/UnrEngProjects/PlatformGameUdemy/Content/PlatformGameUdemy/Core/Characters/AI/General/AIC_BaseEnemy.uexp" 848
"G:/UnrEngProjects/PlatformGameUdemy/Content/PlatformGameUdemy/Core/Characters/AI/General/BP_BaseEnemy.uasset" 849
"G:/UnrEngProjects/PlatformGameUdemy/Content/PlatformGameUdemy/Core/Characters/AI/General/BP_BaseEnemy.uexp" 850
"G:/UnrEngProjects/PlatformGameUdemy/Content/PlatformGameUdemy/Core/Characters/AI/Patrol/BP_BE_PatrolEnemy.uasset" 851
"G:/UnrEngProjects/PlatformGameUdemy/Content/PlatformGameUdemy/Core/Characters/AI/Patrol/BP_BE_PatrolEnemy.uexp" 852
"G:/UnrEngProjects/PlatformGameUdemy/Content/PlatformGameUdemy/Art/Enemies/Patrol/T_PatrolEnemyFaceMap_D.uasset" 853
"G:/UnrEngProjects/PlatformGameUdemy/Content/PlatformGameUdemy/Art/Enemies/Patrol/T_PatrolEnemyFaceMap_D.uexp" 854
"G:/UnrEngProjects/PlatformGameUdemy/Content/PlatformGameUdemy/Art/Enemies/Patrol/T_PatrolEnemyFaceMap_D.ubulk" 855
"G:/UnrEngProjects/PlatformGameUdemy/Content/PlatformGameUdemy/Art/Enemies/Patrol/M_PatrolEnemyFace.uasset" 856
"G:/UnrEngProjects/PlatformGameUdemy/Content/PlatformGameUdemy/Art/Enemies/Patrol/M_PatrolEnemyFace.uexp" 857
"G:/UnrEngProjects/PlatformGameUdemy/Content/PlatformGameUdemy/Art/Enemies/Patrol/T_PatrolEnemy_S.uasset" 858
"G:/UnrEngProjects/PlatformGameUdemy/Content/PlatformGameUdemy/Art/Enemies/Patrol/T_PatrolEnemy_S.uexp" 859
"G:/UnrEngProjects/PlatformGameUdemy/Content/PlatformGameUdemy/Art/Enemies/Patrol/T_PatrolEnemy_S.ubulk" 860
"G:/UnrEngProjects/PlatformGameUdemy/Content/PlatformGameUdemy/Art/Enemies/Patrol/T_PatrolEnemy_N.uasset" 861
"G:/UnrEngProjects/PlatformGameUdemy/Content/PlatformGameUdemy/Art/Enemies/Patrol/T_PatrolEnemy_N.uexp" 862
"G:/UnrEngProjects/PlatformGameUdemy/Content/PlatformGameUdemy/Art/Enemies/Patrol/T_PatrolEnemy_N.ubulk" 863
"G:/UnrEngProjects/PlatformGameUdemy/Content/PlatformGameUdemy/Art/Enemies/Patrol/T_PatrolEnemy_D.uasset" 864
"G:/UnrEngProjects/PlatformGameUdemy/Content/PlatformGameUdemy/Art/Enemies/Patrol/T_PatrolEnemy_D.uexp" 865
"G:/UnrEngProjects/PlatformGameUdemy/Content/PlatformGameUdemy/Art/Enemies/Patrol/T_PatrolEnemy_D.ubulk" 866
"G:/UnrEngProjects/PlatformGameUdemy/Content/PlatformGameUdemy/Art/Enemies/Patrol/M_PatrolEnemyBody.uasset" 867
"G:/UnrEngProjects/PlatformGameUdemy/Content/PlatformGameUdemy/Art/Enemies/Patrol/M_PatrolEnemyBody.uexp" 868
"G:/UnrEngProjects/PlatformGameUdemy/Content/PlatformGameUdemy/Art/Enemies/Patrol/SKEL_PatrolEnemy.uasset" 869
"G:/UnrEngProjects/PlatformGameUdemy/Content/PlatformGameUdemy/Art/Enemies/Patrol/SKEL_PatrolEnemy.uexp" 870
"G:/UnrEngProjects/PlatformGameUdemy/Content/PlatformGameUdemy/Art/Enemies/Patrol/SKM_PatrolEnemy.uasset" 871
"G:/UnrEngProjects/PlatformGameUdemy/Content/PlatformGameUdemy/Art/Enemies/Patrol/SKM_PatrolEnemy.uexp" 872
"G:/UnrEngProjects/PlatformGameUdemy/Content/PlatformGameUdemy/Art/Enemies/Patrol/A_PatrolWalk.uasset" 873
"G:/UnrEngProjects/PlatformGameUdemy/Content/PlatformGameUdemy/Art/Enemies/Patrol/A_PatrolWalk.uexp" 874
"G:/UnrEngProjects/PlatformGameUdemy/Content/PlatformGameUdemy/Art/Enemies/Patrol/A_Idle.uasset" 875
"G:/UnrEngProjects/PlatformGameUdemy/Content/PlatformGameUdemy/Art/Enemies/Patrol/A_Idle.uexp" 876
"G:/UnrEngProjects/PlatformGameUdemy/Content/PlatformGameUdemy/Art/Enemies/Patrol/ABP_PatrolEnemy.uasset" 877
"G:/UnrEngProjects/PlatformGameUdemy/Content/PlatformGameUdemy/Art/Enemies/Patrol/ABP_PatrolEnemy.uexp" 878
"G:/UnrEngProjects/PlatformGameUdemy/Content/PlatformGameUdemy/Characters/Enemy/BP_BE_PE_Hippie.uasset" 879
"G:/UnrEngProjects/PlatformGameUdemy/Content/PlatformGameUdemy/Characters/Enemy/BP_BE_PE_Hippie.uexp" 880
"../../../Engine/Content/BasicShapes/Cube.uasset" 881
"../../../Engine/Content/BasicShapes/Cube.uexp" 882
"../../../Engine/Content/BasicShapes/BasicShapeMaterial.uasset" 883
"../../../Engine/Content/BasicShapes/BasicShapeMaterial.uexp" 884
"G:/UnrEngProjects/PlatformGameUdemy/Content/PlatformGameUdemy/Core/Characters/AI/General/BP_BE_CanAttackEnemy.uasset" 885
"G:/UnrEngProjects/PlatformGameUdemy/Content/PlatformGameUdemy/Core/Characters/AI/General/BP_BE_CanAttackEnemy.uexp" 886
"G:/UnrEngProjects/PlatformGameUdemy/Content/PlatformGameUdemy/Core/Characters/AI/Radar/ControllerAndBlackBoard/AIC_BE_RadarEnemy.uasset" 887
"G:/UnrEngProjects/PlatformGameUdemy/Content/PlatformGameUdemy/Core/Characters/AI/Radar/ControllerAndBlackBoard/AIC_BE_RadarEnemy.uexp" 888
"G:/UnrEngProjects/PlatformGameUdemy/Content/PlatformGameUdemy/Core/Characters/AI/Area/BB_AreaEnemy.uasset" 889
"G:/UnrEngProjects/PlatformGameUdemy/Content/PlatformGameUdemy/Core/Characters/AI/Area/BB_AreaEnemy.uexp" 890
"G:/UnrEngProjects/PlatformGameUdemy/Content/PlatformGameUdemy/Core/Characters/AI/Radar/ControllerAndBlackBoard/BB_BE_RadarEnemy.uasset" 891
"G:/UnrEngProjects/PlatformGameUdemy/Content/PlatformGameUdemy/Core/Characters/AI/Radar/ControllerAndBlackBoard/BB_BE_RadarEnemy.uexp" 892
"G:/UnrEngProjects/PlatformGameUdemy/Content/PlatformGameUdemy/Core/Characters/AI/Area/BTTask_DoDamage.uasset" 893
"G:/UnrEngProjects/PlatformGameUdemy/Content/PlatformGameUdemy/Core/Characters/AI/Area/BTTask_DoDamage.uexp" 894
"G:/UnrEngProjects/PlatformGameUdemy/Content/PlatformGameUdemy/Core/Characters/AI/Radar/ControllerAndBlackBoard/BTTask_ResetAttack.uasset" 895
"G:/UnrEngProjects/PlatformGameUdemy/Content/PlatformGameUdemy/Core/Characters/AI/Radar/ControllerAndBlackBoard/BTTask_ResetAttack.uexp" 896
"G:/UnrEngProjects/PlatformGameUdemy/Content/PlatformGameUdemy/Core/Characters/AI/Radar/ControllerAndBlackBoard/BTTask_DummyTask.uasset" 897
"G:/UnrEngProjects/PlatformGameUdemy/Content/PlatformGameUdemy/Core/Characters/AI/Radar/ControllerAndBlackBoard/BTTask_DummyTask.uexp" 898
"G:/UnrEngProjects/PlatformGameUdemy/Content/PlatformGameUdemy/Core/Characters/AI/Radar/ControllerAndBlackBoard/BTService_CheckAttackDistance.uasset" 899
"G:/UnrEngProjects/PlatformGameUdemy/Content/PlatformGameUdemy/Core/Characters/AI/Radar/ControllerAndBlackBoard/BTService_CheckAttackDistance.uexp" 900
"G:/UnrEngProjects/PlatformGameUdemy/Content/PlatformGameUdemy/Core/Characters/AI/Radar/ControllerAndBlackBoard/BT_BE_RadarEnemy.uasset" 901
"G:/UnrEngProjects/PlatformGameUdemy/Content/PlatformGameUdemy/Core/Characters/AI/Radar/ControllerAndBlackBoard/BT_BE_RadarEnemy.uexp" 902
"G:/UnrEngProjects/PlatformGameUdemy/Content/PlatformGameUdemy/Core/Characters/AI/Radar/BP_BE_CAE_RadarEnemy.uasset" 903
"G:/UnrEngProjects/PlatformGameUdemy/Content/PlatformGameUdemy/Core/Characters/AI/Radar/BP_BE_CAE_RadarEnemy.uexp" 904
"G:/UnrEngProjects/PlatformGameUdemy/Content/PlatformGameUdemy/Art/Enemies/Radar/T_RadarEnemyFacialMap_D.uasset" 905
"G:/UnrEngProjects/PlatformGameUdemy/Content/PlatformGameUdemy/Art/Enemies/Radar/T_RadarEnemyFacialMap_D.uexp" 906
"G:/UnrEngProjects/PlatformGameUdemy/Content/PlatformGameUdemy/Art/Enemies/Radar/T_RadarEnemyFacialMap_D.ubulk" 907
"G:/UnrEngProjects/PlatformGameUdemy/Content/PlatformGameUdemy/Art/Enemies/Radar/M_RadarEnemyFace.uasset" 908
"G:/UnrEngProjects/PlatformGameUdemy/Content/PlatformGameUdemy/Art/Enemies/Radar/M_RadarEnemyFace.uexp" 909
"G:/UnrEngProjects/PlatformGameUdemy/Content/PlatformGameUdemy/Art/Enemies/Radar/T_RadarEnemy_S.uasset" 910
"G:/UnrEngProjects/PlatformGameUdemy/Content/PlatformGameUdemy/Art/Enemies/Radar/T_RadarEnemy_S.uexp" 911
"G:/UnrEngProjects/PlatformGameUdemy/Content/PlatformGameUdemy/Art/Enemies/Radar/T_RadarEnemy_S.ubulk" 912
"G:/UnrEngProjects/PlatformGameUdemy/Content/PlatformGameUdemy/Art/Enemies/Radar/T_RadarEnemy_N.uasset" 913
"G:/UnrEngProjects/PlatformGameUdemy/Content/PlatformGameUdemy/Art/Enemies/Radar/T_RadarEnemy_N.uexp" 914
"G:/UnrEngProjects/PlatformGameUdemy/Content/PlatformGameUdemy/Art/Enemies/Radar/T_RadarEnemy_N.ubulk" 915
"G:/UnrEngProjects/PlatformGameUdemy/Content/PlatformGameUdemy/Art/Enemies/Radar/T_RadarEnemy_D.uasset" 916
"G:/UnrEngProjects/PlatformGameUdemy/Content/PlatformGameUdemy/Art/Enemies/Radar/T_RadarEnemy_D.uexp" 917
"G:/UnrEngProjects/PlatformGameUdemy/Content/PlatformGameUdemy/Art/Enemies/Radar/T_RadarEnemy_D.ubulk" 918
"G:/UnrEngProjects/PlatformGameUdemy/Content/PlatformGameUdemy/Art/Enemies/Radar/M_RadarEnemyBody.uasset" 919
"G:/UnrEngProjects/PlatformGameUdemy/Content/PlatformGameUdemy/Art/Enemies/Radar/M_RadarEnemyBody.uexp" 920
"G:/UnrEngProjects/PlatformGameUdemy/Content/PlatformGameUdemy/Art/Enemies/Radar/SKEL_RadarEnemy_rooted_Skeleton.uasset" 921
"G:/UnrEngProjects/PlatformGameUdemy/Content/PlatformGameUdemy/Art/Enemies/Radar/SKEL_RadarEnemy_rooted_Skeleton.uexp" 922
"G:/UnrEngProjects/PlatformGameUdemy/Content/PlatformGameUdemy/Art/Enemies/Radar/SK_RadarEnemy_rooted.uasset" 923
"G:/UnrEngProjects/PlatformGameUdemy/Content/PlatformGameUdemy/Art/Enemies/Radar/SK_RadarEnemy_rooted.uexp" 924
"G:/UnrEngProjects/PlatformGameUdemy/Content/PlatformGameUdemy/Art/Enemies/Radar/A_Idle_rooted.uasset" 925
"G:/UnrEngProjects/PlatformGameUdemy/Content/PlatformGameUdemy/Art/Enemies/Radar/A_Idle_rooted.uexp" 926
"G:/UnrEngProjects/PlatformGameUdemy/Content/PlatformGameUdemy/Art/Enemies/Radar/A_Attack_rooted.uasset" 927
"G:/UnrEngProjects/PlatformGameUdemy/Content/PlatformGameUdemy/Art/Enemies/Radar/A_Attack_rooted.uexp" 928
"G:/UnrEngProjects/PlatformGameUdemy/Content/PlatformGameUdemy/Art/Enemies/Radar/ABP_RadarEnemy.uasset" 929
"G:/UnrEngProjects/PlatformGameUdemy/Content/PlatformGameUdemy/Art/Enemies/Radar/ABP_RadarEnemy.uexp" 930
"G:/UnrEngProjects/PlatformGameUdemy/Content/PlatformGameUdemy/Characters/Enemy/BP_BE_CAE_RE_Groupie.uasset" 931
"G:/UnrEngProjects/PlatformGameUdemy/Content/PlatformGameUdemy/Characters/Enemy/BP_BE_CAE_RE_Groupie.uexp" 932
"G:/UnrEngProjects/PlatformGameUdemy/Content/PlatformGameUdemy/Art/Player/GreenDragon/Meshes/Little_Dragon_Tiger_Physics.uasset" 933
"G:/UnrEngProjects/PlatformGameUdemy/Content/PlatformGameUdemy/Art/Player/GreenDragon/Meshes/Little_Dragon_Tiger_Physics.uexp" 934
"G:/UnrEngProjects/PlatformGameUdemy/Content/PlatformGameUdemy/Art/Player/GreenDragon/Textures/Little_Dragon_Tiger/Toon/T_Little_Dragon_Tiger_Toon_Gray.uasset" 935
"G:/UnrEngProjects/PlatformGameUdemy/Content/PlatformGameUdemy/Art/Player/GreenDragon/Textures/Little_Dragon_Tiger/Toon/T_Little_Dragon_Tiger_Toon_Gray.uexp" 936
"G:/UnrEngProjects/PlatformGameUdemy/Content/PlatformGameUdemy/Art/Player/GreenDragon/Textures/Little_Dragon_Tiger/Toon/T_Little_Dragon_Tiger_Toon_Gray.ubulk" 937
"G:/UnrEngProjects/PlatformGameUdemy/Content/PlatformGameUdemy/Art/Player/GreenDragon/Textures/Little_Dragon_Tiger/Toon/T_Little_Dragon_Tiger_Toon_Orange.uasset" 938
"G:/UnrEngProjects/PlatformGameUdemy/Content/PlatformGameUdemy/Art/Player/GreenDragon/Textures/Little_Dragon_Tiger/Toon/T_Little_Dragon_Tiger_Toon_Orange.uexp" 939
"G:/UnrEngProjects/PlatformGameUdemy/Content/PlatformGameUdemy/Art/Player/GreenDragon/Textures/Little_Dragon_Tiger/Toon/T_Little_Dragon_Tiger_Toon_Orange.ubulk" 940
"../../../Engine/Content/Functions/Engine_MaterialFunctions02/HueShift.uasset" 941
"../../../Engine/Content/Functions/Engine_MaterialFunctions02/HueShift.uexp" 942
"G:/UnrEngProjects/PlatformGameUdemy/Content/PlatformGameUdemy/Art/Player/GreenDragon/Materials/Little_Dragon_Tiger/Mat_LDT_Toon.uasset" 943
"G:/UnrEngProjects/PlatformGameUdemy/Content/PlatformGameUdemy/Art/Player/GreenDragon/Materials/Little_Dragon_Tiger/Mat_LDT_Toon.uexp" 944
"G:/UnrEngProjects/PlatformGameUdemy/Content/PlatformGameUdemy/Art/Player/GreenDragon/Materials/Little_Dragon_Tiger/Toon/MI_TD_Toon_Gray.uasset" 945
"G:/UnrEngProjects/PlatformGameUdemy/Content/PlatformGameUdemy/Art/Player/GreenDragon/Materials/Little_Dragon_Tiger/Toon/MI_TD_Toon_Gray.uexp" 946
"G:/UnrEngProjects/PlatformGameUdemy/Content/PlatformGameUdemy/Art/Player/GreenDragon/Textures/Eyes/Toon/T_Eye_Spreadsheet_Toon_02.uasset" 947
"G:/UnrEngProjects/PlatformGameUdemy/Content/PlatformGameUdemy/Art/Player/GreenDragon/Textures/Eyes/Toon/T_Eye_Spreadsheet_Toon_02.uexp" 948
"G:/UnrEngProjects/PlatformGameUdemy/Content/PlatformGameUdemy/Art/Player/GreenDragon/Textures/Eyes/Toon/T_Eye_Cat.uasset" 949
"G:/UnrEngProjects/PlatformGameUdemy/Content/PlatformGameUdemy/Art/Player/GreenDragon/Textures/Eyes/Toon/T_Eye_Cat.uexp" 950
"G:/UnrEngProjects/PlatformGameUdemy/Content/PlatformGameUdemy/Art/Player/GreenDragon/Textures/Eyes/Toon/T_Eye_Cat.ubulk" 951
"../../../Engine/Content/Functions/Engine_MaterialFunctions02/ExampleContent/Textures/flipbook.uasset" 952
"../../../Engine/Content/Functions/Engine_MaterialFunctions02/ExampleContent/Textures/flipbook.uexp" 953
"../../../Engine/Content/Functions/Engine_MaterialFunctions02/ExampleContent/Textures/flipbook.ubulk" 954
"../../../Engine/Content/Functions/Engine_MaterialFunctions02/ExampleContent/Textures/DebugNumberPeriod.uasset" 955
"../../../Engine/Content/Functions/Engine_MaterialFunctions02/ExampleContent/Textures/DebugNumberPeriod.uexp" 956
"../../../Engine/Content/Functions/Engine_MaterialFunctions02/ExampleContent/DebugNumberStrip.uasset" 957
"../../../Engine/Content/Functions/Engine_MaterialFunctions02/ExampleContent/DebugNumberStrip.uexp" 958
"../../../Engine/Content/Functions/Engine_MaterialFunctions01/Texturing/TextureCropping.uasset" 959
"../../../Engine/Content/Functions/Engine_MaterialFunctions01/Texturing/TextureCropping.uexp" 960
"../../../Engine/Content/Functions/Engine_MaterialFunctions01/Texturing/ComputeMipLevel.uasset" 961
"../../../Engine/Content/Functions/Engine_MaterialFunctions01/Texturing/ComputeMipLevel.uexp" 962
"../../../Engine/Content/Functions/Engine_MaterialFunctions02/Utility/DebugScalarValues.uasset" 963
"../../../Engine/Content/Functions/Engine_MaterialFunctions02/Utility/DebugScalarValues.uexp" 964
"../../../Engine/Content/Functions/Engine_MaterialFunctions02/Utility/DebugFloat2Values.uasset" 965
"../../../Engine/Content/Functions/Engine_MaterialFunctions02/Utility/DebugFloat2Values.uexp" 966
"../../../Engine/Content/Functions/Engine_MaterialFunctions02/Texturing/FlipBook.uasset" 967
"../../../Engine/Content/Functions/Engine_MaterialFunctions02/Texturing/FlipBook.uexp" 968
"G:/UnrEngProjects/PlatformGameUdemy/Content/PlatformGameUdemy/Art/Player/GreenDragon/Materials/Eyes/SpriteEyes/Mat_Eye_Cat.uasset" 969
"G:/UnrEngProjects/PlatformGameUdemy/Content/PlatformGameUdemy/Art/Player/GreenDragon/Materials/Eyes/SpriteEyes/Mat_Eye_Cat.uexp" 970
"G:/UnrEngProjects/PlatformGameUdemy/Content/PlatformGameUdemy/Art/Player/GreenDragon/Meshes/Little_Dragon_Skeleton.uasset" 971
"G:/UnrEngProjects/PlatformGameUdemy/Content/PlatformGameUdemy/Art/Player/GreenDragon/Meshes/Little_Dragon_Skeleton.uexp" 972
"G:/UnrEngProjects/PlatformGameUdemy/Content/PlatformGameUdemy/Art/Player/GreenDragon/Meshes/SK_Little_Dragon_Tiger_Toon.uasset" 973
"G:/UnrEngProjects/PlatformGameUdemy/Content/PlatformGameUdemy/Art/Player/GreenDragon/Meshes/SK_Little_Dragon_Tiger_Toon.uexp" 974
"G:/UnrEngProjects/PlatformGameUdemy/Content/PlatformGameUdemy/Art/Player/GreenDragon/Textures/Little_Dragon_Tiger/Toon/T_Little_Dragon_Tiger_Toon_Green.uasset" 975
"G:/UnrEngProjects/PlatformGameUdemy/Content/PlatformGameUdemy/Art/Player/GreenDragon/Textures/Little_Dragon_Tiger/Toon/T_Little_Dragon_Tiger_Toon_Green.uexp" 976
"G:/UnrEngProjects/PlatformGameUdemy/Content/PlatformGameUdemy/Art/Player/GreenDragon/Textures/Little_Dragon_Tiger/Toon/T_Little_Dragon_Tiger_Toon_Green.ubulk" 977
"G:/UnrEngProjects/PlatformGameUdemy/Content/PlatformGameUdemy/Art/Player/GreenDragon/Materials/Little_Dragon_Tiger/Toon/MI_TD_Toon_Green.uasset" 978
"G:/UnrEngProjects/PlatformGameUdemy/Content/PlatformGameUdemy/Art/Player/GreenDragon/Materials/Little_Dragon_Tiger/Toon/MI_TD_Toon_Green.uexp" 979
"G:/UnrEngProjects/PlatformGameUdemy/Content/PlatformGameUdemy/Art/Player/GreenDragon/Animations/Root_Motion/LD_RM_Run_Forward.uasset" 980
"G:/UnrEngProjects/PlatformGameUdemy/Content/PlatformGameUdemy/Art/Player/GreenDragon/Animations/Root_Motion/LD_RM_Run_Forward.uexp" 981
"G:/UnrEngProjects/PlatformGameUdemy/Content/PlatformGameUdemy/Art/Player/GreenDragon/Animations/Common/LD_C_Idle_Combat.uasset" 982
"G:/UnrEngProjects/PlatformGameUdemy/Content/PlatformGameUdemy/Art/Player/GreenDragon/Animations/Common/LD_C_Idle_Combat.uexp" 983
"G:/UnrEngProjects/PlatformGameUdemy/Content/PlatformGameUdemy/Art/Player/GreenDragon/Meshes/BS_IdleWalking.uasset" 984
"G:/UnrEngProjects/PlatformGameUdemy/Content/PlatformGameUdemy/Art/Player/GreenDragon/Meshes/BS_IdleWalking.uexp" 985
"G:/UnrEngProjects/PlatformGameUdemy/Content/PlatformGameUdemy/Art/Player/GreenDragon/Animations/Root_Motion/LD_RM_Jump_InPlaceCutEnd.uasset" 986
"G:/UnrEngProjects/PlatformGameUdemy/Content/PlatformGameUdemy/Art/Player/GreenDragon/Animations/Root_Motion/LD_RM_Jump_InPlaceCutEnd.uexp" 987
"G:/UnrEngProjects/PlatformGameUdemy/Content/PlatformGameUdemy/Art/Player/GreenDragon/Animations/Root_Motion/LD_RM_Jump_InPlaceCut.uasset" 988
"G:/UnrEngProjects/PlatformGameUdemy/Content/PlatformGameUdemy/Art/Player/GreenDragon/Animations/Root_Motion/LD_RM_Jump_InPlaceCut.uexp" 989
"G:/UnrEngProjects/PlatformGameUdemy/Content/PlatformGameUdemy/Art/Player/GreenDragon/Animations/Root_Motion/LD_RM_Fly_Glide.uasset" 990
"G:/UnrEngProjects/PlatformGameUdemy/Content/PlatformGameUdemy/Art/Player/GreenDragon/Animations/Root_Motion/LD_RM_Fly_Glide.uexp" 991
"G:/UnrEngProjects/PlatformGameUdemy/Content/PlatformGameUdemy/Art/Player/GreenDragon/Animations/In_Place/LD_IP_Fly_Glide.uasset" 992
"G:/UnrEngProjects/PlatformGameUdemy/Content/PlatformGameUdemy/Art/Player/GreenDragon/Animations/In_Place/LD_IP_Fly_Glide.uexp" 993
"G:/UnrEngProjects/PlatformGameUdemy/Content/PlatformGameUdemy/Art/Player/GreenDragon/Animations/Root_Motion/AM_Dash.uasset" 994
"G:/UnrEngProjects/PlatformGameUdemy/Content/PlatformGameUdemy/Art/Player/GreenDragon/Animations/Root_Motion/AM_Dash.uexp" 995
"G:/UnrEngProjects/PlatformGameUdemy/Content/PlatformGameUdemy/Art/Player/GreenDragon/Animations/ABP_GreenDragon.uasset" 996
"G:/UnrEngProjects/PlatformGameUdemy/Content/PlatformGameUdemy/Art/Player/GreenDragon/Animations/ABP_GreenDragon.uexp" 997
"G:/UnrEngProjects/PlatformGameUdemy/Content/PlatformGameUdemy/Characters/Player/BP_BP_GreenDragon.uasset" 998
"G:/UnrEngProjects/PlatformGameUdemy/Content/PlatformGameUdemy/Characters/Player/BP_BP_GreenDragon.uexp" 999
"G:/UnrEngProjects/PlatformGameUdemy/Content/StarterContent/Materials/M_AssetPlatform.uasset" 1000
"G:/UnrEngProjects/PlatformGameUdemy/Content/StarterContent/Materials/M_AssetPlatform.uexp" 1001
"G:/UnrEngProjects/PlatformGameUdemy/Content/StarterContent/Architecture/SM_AssetPlatform.uasset" 1002
"G:/UnrEngProjects/PlatformGameUdemy/Content/StarterContent/Architecture/SM_AssetPlatform.uexp" 1003
"G:/UnrEngProjects/PlatformGameUdemy/Content/PlatformGameUdemy/Core/Interactables/Warps/BP_BW_ChangeChar.uasset" 1004
"G:/UnrEngProjects/PlatformGameUdemy/Content/PlatformGameUdemy/Core/Interactables/Warps/BP_BW_ChangeChar.uexp" 1005
"G:/UnrEngProjects/PlatformGameUdemy/Content/PlatformGameUdemy/Core/Interactables/Boxes/BP_BB_Trigger.uasset" 1006
"G:/UnrEngProjects/PlatformGameUdemy/Content/PlatformGameUdemy/Core/Interactables/Boxes/BP_BB_Trigger.uexp" 1007
"G:/UnrEngProjects/PlatformGameUdemy/Content/PlatformGameUdemy/Core/Interactables/Boxes/BP_BB_Mask.uasset" 1008
"G:/UnrEngProjects/PlatformGameUdemy/Content/PlatformGameUdemy/Core/Interactables/Boxes/BP_BB_Mask.uexp" 1009
"G:/UnrEngProjects/PlatformGameUdemy/Content/PlatformGameUdemy/Maps/TestMap.uexp" 1010
"G:/UnrEngProjects/PlatformGameUdemy/Content/PlatformGameUdemy/Maps/TestMap.umap" 1011
"../../../Engine/Content/Maps/Entry_BuiltData.uasset" 1012
"../../../Engine/Content/Maps/Entry_BuiltData.uexp" 1013
"../../../Engine/Content/Maps/Entry.uexp" 1014
"../../../Engine/Content/Maps/Entry.umap" 1015
